<?xml version="1.0" encoding="UTF-8"?>
<TestRun id="e12d323f-c01a-4cd6-883e-23ac90ec1b95" name="saeid@SAEID-PC 2012-12-09 21:29:00" runUser="saeid-PC\saeid" xmlns="http://microsoft.com/schemas/VisualStudio/TeamTest/2010">
  <TestSettings name="Local" id="f25fb7e2-1cee-4ddf-bd6e-ad7c3fd8e824">
    <Description>These are default test settings for a local test run.</Description>
    <Deployment enabled="false" runDeploymentRoot="saeid_SAEID-PC 2012-12-09 21_29_00">
      <DeploymentItem filename="C:\projects\Partitions\partition1\packages\Microsoft.AspNet.WebApi.Client.4.0.20710.0\lib\net40\System.Net.Http.Formatting.dll" />
      <DeploymentItem filename="C:\projects\Partitions\partition1\packages\Microsoft.AspNet.Mvc.4.0.20710.0\lib\net40\System.Web.Mvc.dll" />
      <DeploymentItem filename="C:\projects\Partitions\partition1\projects\DesignPattern\Console_DP\bin\Debug\Console_DP.exe" />
      <DeploymentItem filename="C:\projects\Partitions\partition1\packages\Microsoft.Net.Http.2.0.20710.0\lib\net40\System.Net.Http.dll" />
      <DeploymentItem filename="C:\projects\Partitions\partition1\packages\Microsoft.AspNet.Razor.2.0.20710.0\lib\net40\System.Web.Razor.dll" />
      <DeploymentItem filename="C:\projects\Partitions\partition1\packages\Microsoft.Net.Http.2.0.20710.0\lib\net40\System.Net.Http.WebRequest.dll" />
      <DeploymentItem filename="C:\projects\Partitions\partition1\packages\Microsoft.AspNet.WebApi.WebHost.4.0.20710.0\lib\net40\System.Web.Http.WebHost.dll" />
      <DeploymentItem filename="C:\projects\Partitions\partition1\packages\Microsoft.AspNet.WebApi.Core.4.0.20710.0\lib\net40\System.Web.Http.dll" />
      <DeploymentItem filename="C:\projects\Partitions\partition1\projects\Apps\WTopology\bin\WTopology.dll" />
      <DeploymentItem filename="C:\projects\Partitions\partition1\packages\Microsoft.AspNet.WebPages.2.0.20710.0\lib\net40\System.Web.Helpers.dll" />
      <DeploymentItem filename="C:\projects\Partitions\partition1\packages\Microsoft.AspNet.WebPages.2.0.20710.0\lib\net40\System.Web.WebPages.Deployment.dll" />
      <DeploymentItem filename="C:\projects\Partitions\partition1\packages\Newtonsoft.Json.4.5.6\lib\net40\Newtonsoft.Json.dll" />
      <DeploymentItem filename="C:\projects\Partitions\partition1\packages\Microsoft.AspNet.WebPages.2.0.20710.0\lib\net40\System.Web.WebPages.Razor.dll" />
      <DeploymentItem filename="C:\projects\Partitions\partition1\packages\Microsoft.Web.Infrastructure.1.0.0.0\lib\net40\Microsoft.Web.Infrastructure.dll" />
      <DeploymentItem filename="C:\projects\Partitions\partition1\projects\Apps\DocArchive\bin\DocArchive.dll" />
      <DeploymentItem filename="C:\projects\Partitions\partition1\packages\Microsoft.AspNet.WebPages.2.0.20710.0\lib\net40\System.Web.WebPages.dll" />
    </Deployment>
    <Execution>
      <TestTypeSpecific />
      <AgentRule name="Execution Agents">
      </AgentRule>
    </Execution>
  </TestSettings>
  <Times creation="2012-12-09T21:29:00.8680730-08:00" queuing="2012-12-09T21:29:01.0490960-08:00" start="2012-12-09T21:29:01.0555968-08:00" finish="2012-12-09T21:29:01.9147059-08:00" />
  <ResultSummary outcome="Failed">
    <Counters total="6" executed="6" passed="3" error="0" failed="2" timeout="0" aborted="0" inconclusive="1" passedButRunAborted="0" notRunnable="0" notExecuted="0" disconnected="0" warning="0" completed="0" inProgress="0" pending="0" />
  </ResultSummary>
  <TestDefinitions>
    <UnitTest name="FirstTest" storage="c:\projects\partitions\partition1\projects\designpattern\console_dp.test\bin\debug\console_dp.test.dll" id="27b2e000-6ad9-6af5-0c67-2b85b164a1fc">
      <Execution id="b5af0d60-776e-4562-b3cf-10e9888cb816" />
      <TestMethod codeBase="C:/projects/Partitions/partition1/projects/DesignPattern/Console_DP.Test/bin/Debug/Console_DP.Test.DLL" adapterTypeName="Microsoft.VisualStudio.TestTools.TestTypes.Unit.UnitTestAdapter, Microsoft.VisualStudio.QualityTools.Tips.UnitTest.Adapter, Version=10.0.0.0, Culture=neutral, PublicKeyToken=b03f5f7f11d50a3a" className="Console_DP.Test.UnitTest1, Console_DP.Test, Version=1.0.0.0, Culture=neutral, PublicKeyToken=null" name="FirstTest" />
    </UnitTest>
    <UnitTest name="Contact" storage="c:\projects\partitions\partition1\projects\apps\docarchive.tests\bin\debug\docarchive.tests.dll" id="f3890812-d548-e92f-2be0-7c137463fd5d">
      <Execution id="961fd802-a956-42dd-b443-4629c2ac218d" />
      <TestMethod codeBase="C:/projects/Partitions/partition1/projects/Apps/DocArchive.Tests/bin/Debug/DocArchive.Tests.DLL" adapterTypeName="Microsoft.VisualStudio.TestTools.TestTypes.Unit.UnitTestAdapter, Microsoft.VisualStudio.QualityTools.Tips.UnitTest.Adapter, Version=10.0.0.0, Culture=neutral, PublicKeyToken=b03f5f7f11d50a3a" className="DocArchive.Tests.Controllers.HomeControllerTest, DocArchive.Tests, Version=1.0.0.0, Culture=neutral, PublicKeyToken=null" name="Contact" />
    </UnitTest>
    <UnitTest name="About" storage="c:\projects\partitions\partition1\projects\apps\docarchive.tests\bin\debug\docarchive.tests.dll" id="99f36976-bb12-faaa-403e-d83c7ed82fa9">
      <Execution id="229a12b6-1818-48fb-a239-e28dc575fc1c" />
      <TestMethod codeBase="C:/projects/Partitions/partition1/projects/Apps/DocArchive.Tests/bin/Debug/DocArchive.Tests.DLL" adapterTypeName="Microsoft.VisualStudio.TestTools.TestTypes.Unit.UnitTestAdapter, Microsoft.VisualStudio.QualityTools.Tips.UnitTest.Adapter, Version=10.0.0.0, Culture=neutral, PublicKeyToken=b03f5f7f11d50a3a" className="DocArchive.Tests.Controllers.HomeControllerTest, DocArchive.Tests, Version=1.0.0.0, Culture=neutral, PublicKeyToken=null" name="About" />
    </UnitTest>
    <UnitTest name="Index" storage="c:\projects\partitions\partition1\projects\apps\docarchive.tests\bin\debug\docarchive.tests.dll" id="2d3eff63-ec86-1a73-a020-4d25d4bafd88">
      <Execution id="fcd2c5e0-04e7-4009-bb06-30813e3c1265" />
      <TestMethod codeBase="C:/projects/Partitions/partition1/projects/Apps/DocArchive.Tests/bin/Debug/DocArchive.Tests.DLL" adapterTypeName="Microsoft.VisualStudio.TestTools.TestTypes.Unit.UnitTestAdapter, Microsoft.VisualStudio.QualityTools.Tips.UnitTest.Adapter, Version=10.0.0.0, Culture=neutral, PublicKeyToken=b03f5f7f11d50a3a" className="DocArchive.Tests.Controllers.HomeControllerTest, DocArchive.Tests, Version=1.0.0.0, Culture=neutral, PublicKeyToken=null" name="Index" />
    </UnitTest>
    <UnitTest name="runTest" storage="c:\projects\partitions\partition1\projects\designpattern\console_dp.test\bin\debug\console_dp.test.dll" id="8e68ab94-015c-b9e0-8f79-915ae5d42380">
      <Execution id="1ad42311-0cfb-4aca-9079-f7d770136ba3" />
      <TestMethod codeBase="C:/projects/Partitions/partition1/projects/DesignPattern/Console_DP.Test/bin/Debug/Console_DP.Test.DLL" adapterTypeName="Microsoft.VisualStudio.TestTools.TestTypes.Unit.UnitTestAdapter, Microsoft.VisualStudio.QualityTools.Tips.UnitTest.Adapter, Version=10.0.0.0, Culture=neutral, PublicKeyToken=b03f5f7f11d50a3a" className="Console_DP.Test.SampleTest, Console_DP.Test, Version=1.0.0.0, Culture=neutral, PublicKeyToken=null" name="runTest" />
    </UnitTest>
    <UnitTest name="TestMethod1" storage="c:\projects\partitions\partition1\projects\apps\wtopology.test\bin\debug\wtopology.test.dll" id="0f3f8658-c1e1-6230-3de6-d54efea1c02b">
      <Execution id="36467729-b303-429e-9dc7-9a8da563719d" />
      <TestMethod codeBase="C:/projects/Partitions/partition1/projects/Apps/WTopology.test/bin/Debug/WTopology.test.DLL" adapterTypeName="Microsoft.VisualStudio.TestTools.TestTypes.Unit.UnitTestAdapter, Microsoft.VisualStudio.QualityTools.Tips.UnitTest.Adapter, Version=10.0.0.0, Culture=neutral, PublicKeyToken=b03f5f7f11d50a3a" className="WTopology.test.UnitTest1, WTopology.test, Version=1.0.0.0, Culture=neutral, PublicKeyToken=null" name="TestMethod1" />
    </UnitTest>
  </TestDefinitions>
  <TestLists>
    <TestList name="Results Not in a List" id="8c84fa94-04c1-424b-9868-57a2d4851a1d" />
    <TestList name="All Loaded Results" id="19431567-8539-422a-85d7-44ee4e166bda" />
  </TestLists>
  <TestEntries>
    <TestEntry testId="0f3f8658-c1e1-6230-3de6-d54efea1c02b" executionId="36467729-b303-429e-9dc7-9a8da563719d" testListId="8c84fa94-04c1-424b-9868-57a2d4851a1d" />
    <TestEntry testId="27b2e000-6ad9-6af5-0c67-2b85b164a1fc" executionId="b5af0d60-776e-4562-b3cf-10e9888cb816" testListId="8c84fa94-04c1-424b-9868-57a2d4851a1d" />
    <TestEntry testId="2d3eff63-ec86-1a73-a020-4d25d4bafd88" executionId="fcd2c5e0-04e7-4009-bb06-30813e3c1265" testListId="8c84fa94-04c1-424b-9868-57a2d4851a1d" />
    <TestEntry testId="8e68ab94-015c-b9e0-8f79-915ae5d42380" executionId="1ad42311-0cfb-4aca-9079-f7d770136ba3" testListId="8c84fa94-04c1-424b-9868-57a2d4851a1d" />
    <TestEntry testId="99f36976-bb12-faaa-403e-d83c7ed82fa9" executionId="229a12b6-1818-48fb-a239-e28dc575fc1c" testListId="8c84fa94-04c1-424b-9868-57a2d4851a1d" />
    <TestEntry testId="f3890812-d548-e92f-2be0-7c137463fd5d" executionId="961fd802-a956-42dd-b443-4629c2ac218d" testListId="8c84fa94-04c1-424b-9868-57a2d4851a1d" />
  </TestEntries>
  <Results>
    <UnitTestResult executionId="36467729-b303-429e-9dc7-9a8da563719d" testId="0f3f8658-c1e1-6230-3de6-d54efea1c02b" testName="TestMethod1" computerName="SAEID-PC" duration="00:00:00.0485207" startTime="2012-12-09T21:29:01.0650980-08:00" endTime="2012-12-09T21:29:01.3306317-08:00" testType="13cdc9d9-ddb5-4fa4-a97d-d965ccfc6d4b" outcome="Failed" testListId="8c84fa94-04c1-424b-9868-57a2d4851a1d" relativeResultsDirectory="36467729-b303-429e-9dc7-9a8da563719d">
      <Output>
        <ErrorInfo>
          <Message>Test method WTopology.test.UnitTest1.TestMethod1 threw exception: 
System.NullReferenceException: Object reference not set to an instance of an object.</Message>
          <StackTrace>    at WTopology.Controllers.homeController.Index() in C:\projects\Partitions\partition1\projects\Apps\WTopology\Controllers\homeController.cs:line 24
   at WTopology.test.UnitTest1.TestMethod1() in C:\projects\Partitions\partition1\projects\Apps\WTopology.test\UnitTest1.cs:line 21
</StackTrace>
        </ErrorInfo>
      </Output>
    </UnitTestResult>
    <UnitTestResult executionId="b5af0d60-776e-4562-b3cf-10e9888cb816" testId="27b2e000-6ad9-6af5-0c67-2b85b164a1fc" testName="FirstTest" computerName="SAEID-PC" duration="00:00:00.0173958" startTime="2012-12-09T21:29:01.3396329-08:00" endTime="2012-12-09T21:29:01.5721624-08:00" testType="13cdc9d9-ddb5-4fa4-a97d-d965ccfc6d4b" outcome="Passed" testListId="8c84fa94-04c1-424b-9868-57a2d4851a1d" relativeResultsDirectory="b5af0d60-776e-4562-b3cf-10e9888cb816">
    </UnitTestResult>
    <UnitTestResult executionId="fcd2c5e0-04e7-4009-bb06-30813e3c1265" testId="2d3eff63-ec86-1a73-a020-4d25d4bafd88" testName="Index" computerName="SAEID-PC" duration="00:00:00.0526927" startTime="2012-12-09T21:29:01.5806635-08:00" endTime="2012-12-09T21:29:01.8376961-08:00" testType="13cdc9d9-ddb5-4fa4-a97d-d965ccfc6d4b" outcome="Failed" testListId="8c84fa94-04c1-424b-9868-57a2d4851a1d" relativeResultsDirectory="fcd2c5e0-04e7-4009-bb06-30813e3c1265">
      <Output>
        <ErrorInfo>
          <Message>Assert.AreEqual failed. Expected:&lt;Modify this template to jump-start your ASP.NET MVC application.&gt;. Actual:&lt;(null)&gt;. </Message>
          <StackTrace>   at CallSite.Target(Closure , CallSite , Type , String , Object )
   at System.Dynamic.UpdateDelegates.UpdateAndExecuteVoid3[T0,T1,T2](CallSite site, T0 arg0, T1 arg1, T2 arg2)
   at DocArchive.Tests.Controllers.HomeControllerTest.Index() in C:\projects\Partitions\partition1\projects\Apps\DocArchive.Tests\Controllers\HomeControllerTest.cs:line 25
</StackTrace>
        </ErrorInfo>
      </Output>
    </UnitTestResult>
    <UnitTestResult executionId="1ad42311-0cfb-4aca-9079-f7d770136ba3" testId="8e68ab94-015c-b9e0-8f79-915ae5d42380" testName="runTest" computerName="SAEID-PC" duration="00:00:00.0055777" startTime="2012-12-09T21:29:01.8461972-08:00" endTime="2012-12-09T21:29:01.8541982-08:00" testType="13cdc9d9-ddb5-4fa4-a97d-d965ccfc6d4b" outcome="Inconclusive" testListId="8c84fa94-04c1-424b-9868-57a2d4851a1d" relativeResultsDirectory="1ad42311-0cfb-4aca-9079-f7d770136ba3">
      <Output>
        <ErrorInfo>
          <Message>Assert.Inconclusive failed. A method that does not return a value cannot be verified.</Message>
          <StackTrace>   at Console_DP.Test.SampleTest.runTest() in C:\projects\Partitions\partition1\projects\DesignPattern\Console_DP.Test\SampleTest.cs:line 75
</StackTrace>
        </ErrorInfo>
      </Output>
    </UnitTestResult>
    <UnitTestResult executionId="229a12b6-1818-48fb-a239-e28dc575fc1c" testId="99f36976-bb12-faaa-403e-d83c7ed82fa9" testName="About" computerName="SAEID-PC" duration="00:00:00.0001976" startTime="2012-12-09T21:29:01.8621992-08:00" endTime="2012-12-09T21:29:01.8646996-08:00" testType="13cdc9d9-ddb5-4fa4-a97d-d965ccfc6d4b" outcome="Passed" testListId="8c84fa94-04c1-424b-9868-57a2d4851a1d" relativeResultsDirectory="229a12b6-1818-48fb-a239-e28dc575fc1c">
    </UnitTestResult>
    <UnitTestResult executionId="961fd802-a956-42dd-b443-4629c2ac218d" testId="f3890812-d548-e92f-2be0-7c137463fd5d" testName="Contact" computerName="SAEID-PC" duration="00:00:00.0001354" startTime="2012-12-09T21:29:01.8737007-08:00" endTime="2012-12-09T21:29:01.8757010-08:00" testType="13cdc9d9-ddb5-4fa4-a97d-d965ccfc6d4b" outcome="Passed" testListId="8c84fa94-04c1-424b-9868-57a2d4851a1d" relativeResultsDirectory="961fd802-a956-42dd-b443-4629c2ac218d">
    </UnitTestResult>
  </Results>
</TestRun>