<?xml version="1.0" encoding="UTF-8"?>
<TestRun id="13de57b6-99c4-4af7-a2bc-06aaed1e8ddf" name="saeid@SAEID-PC 2012-12-09 21:28:57" runUser="saeid-PC\saeid" xmlns="http://microsoft.com/schemas/VisualStudio/TeamTest/2010">
  <TestSettings name="Local" id="f25fb7e2-1cee-4ddf-bd6e-ad7c3fd8e824">
    <Description>These are default test settings for a local test run.</Description>
    <Deployment enabled="false" runDeploymentRoot="saeid_SAEID-PC 2012-12-09 21_28_57">
      <DeploymentItem filename="C:\projects\Partitions\partition1\packages\Microsoft.AspNet.WebApi.Client.4.0.20710.0\lib\net40\System.Net.Http.Formatting.dll" />
      <DeploymentItem filename="C:\projects\Partitions\partition1\packages\Microsoft.AspNet.Mvc.4.0.20710.0\lib\net40\System.Web.Mvc.dll" />
      <DeploymentItem filename="C:\projects\Partitions\partition1\projects\DesignPattern\Console_DP\bin\Debug\Console_DP.exe" />
      <DeploymentItem filename="C:\projects\Partitions\partition1\packages\Microsoft.Net.Http.2.0.20710.0\lib\net40\System.Net.Http.dll" />
      <DeploymentItem filename="C:\projects\Partitions\partition1\packages\Microsoft.AspNet.Razor.2.0.20710.0\lib\net40\System.Web.Razor.dll" />
      <DeploymentItem filename="C:\projects\Partitions\partition1\packages\Microsoft.Net.Http.2.0.20710.0\lib\net40\System.Net.Http.WebRequest.dll" />
      <DeploymentItem filename="C:\projects\Partitions\partition1\packages\Microsoft.AspNet.WebApi.WebHost.4.0.20710.0\lib\net40\System.Web.Http.WebHost.dll" />
      <DeploymentItem filename="C:\projects\Partitions\partition1\packages\Microsoft.AspNet.WebApi.Core.4.0.20710.0\lib\net40\System.Web.Http.dll" />
      <DeploymentItem filename="C:\projects\Partitions\partition1\projects\Apps\WTopology\bin\WTopology.dll" />
      <DeploymentItem filename="C:\projects\Partitions\partition1\packages\Microsoft.AspNet.WebPages.2.0.20710.0\lib\net40\System.Web.Helpers.dll" />
      <DeploymentItem filename="C:\projects\Partitions\partition1\packages\Microsoft.AspNet.WebPages.2.0.20710.0\lib\net40\System.Web.WebPages.Deployment.dll" />
      <DeploymentItem filename="C:\projects\Partitions\partition1\packages\Newtonsoft.Json.4.5.6\lib\net40\Newtonsoft.Json.dll" />
      <DeploymentItem filename="C:\projects\Partitions\partition1\packages\Microsoft.AspNet.WebPages.2.0.20710.0\lib\net40\System.Web.WebPages.Razor.dll" />
      <DeploymentItem filename="C:\projects\Partitions\partition1\packages\Microsoft.Web.Infrastructure.1.0.0.0\lib\net40\Microsoft.Web.Infrastructure.dll" />
      <DeploymentItem filename="C:\projects\Partitions\partition1\projects\Apps\DocArchive\bin\DocArchive.dll" />
      <DeploymentItem filename="C:\projects\Partitions\partition1\packages\Microsoft.AspNet.WebPages.2.0.20710.0\lib\net40\System.Web.WebPages.dll" />
    </Deployment>
    <Execution>
      <TestTypeSpecific />
      <AgentRule name="Execution Agents">
      </AgentRule>
    </Execution>
  </TestSettings>
  <Times creation="2012-12-09T21:28:57.8916951-08:00" queuing="2012-12-09T21:28:58.0592163-08:00" start="2012-12-09T21:28:58.0652171-08:00" finish="2012-12-09T21:28:58.9373278-08:00" />
  <ResultSummary outcome="Failed">
    <Counters total="6" executed="6" passed="3" error="0" failed="2" timeout="0" aborted="0" inconclusive="1" passedButRunAborted="0" notRunnable="0" notExecuted="0" disconnected="0" warning="0" completed="0" inProgress="0" pending="0" />
  </ResultSummary>
  <TestDefinitions>
    <UnitTest name="FirstTest" storage="c:\projects\partitions\partition1\projects\designpattern\console_dp.test\bin\debug\console_dp.test.dll" id="27b2e000-6ad9-6af5-0c67-2b85b164a1fc">
      <Execution id="03d1225b-fd95-43c7-be71-6b01fd976045" />
      <TestMethod codeBase="C:/projects/Partitions/partition1/projects/DesignPattern/Console_DP.Test/bin/Debug/Console_DP.Test.DLL" adapterTypeName="Microsoft.VisualStudio.TestTools.TestTypes.Unit.UnitTestAdapter, Microsoft.VisualStudio.QualityTools.Tips.UnitTest.Adapter, Version=10.0.0.0, Culture=neutral, PublicKeyToken=b03f5f7f11d50a3a" className="Console_DP.Test.UnitTest1, Console_DP.Test, Version=1.0.0.0, Culture=neutral, PublicKeyToken=null" name="FirstTest" />
    </UnitTest>
    <UnitTest name="Contact" storage="c:\projects\partitions\partition1\projects\apps\docarchive.tests\bin\debug\docarchive.tests.dll" id="f3890812-d548-e92f-2be0-7c137463fd5d">
      <Execution id="1e30a169-8901-442d-be2a-cad5dbd944af" />
      <TestMethod codeBase="C:/projects/Partitions/partition1/projects/Apps/DocArchive.Tests/bin/Debug/DocArchive.Tests.DLL" adapterTypeName="Microsoft.VisualStudio.TestTools.TestTypes.Unit.UnitTestAdapter, Microsoft.VisualStudio.QualityTools.Tips.UnitTest.Adapter, Version=10.0.0.0, Culture=neutral, PublicKeyToken=b03f5f7f11d50a3a" className="DocArchive.Tests.Controllers.HomeControllerTest, DocArchive.Tests, Version=1.0.0.0, Culture=neutral, PublicKeyToken=null" name="Contact" />
    </UnitTest>
    <UnitTest name="About" storage="c:\projects\partitions\partition1\projects\apps\docarchive.tests\bin\debug\docarchive.tests.dll" id="99f36976-bb12-faaa-403e-d83c7ed82fa9">
      <Execution id="774afa53-14fa-4218-841e-ba1ca3e09be0" />
      <TestMethod codeBase="C:/projects/Partitions/partition1/projects/Apps/DocArchive.Tests/bin/Debug/DocArchive.Tests.DLL" adapterTypeName="Microsoft.VisualStudio.TestTools.TestTypes.Unit.UnitTestAdapter, Microsoft.VisualStudio.QualityTools.Tips.UnitTest.Adapter, Version=10.0.0.0, Culture=neutral, PublicKeyToken=b03f5f7f11d50a3a" className="DocArchive.Tests.Controllers.HomeControllerTest, DocArchive.Tests, Version=1.0.0.0, Culture=neutral, PublicKeyToken=null" name="About" />
    </UnitTest>
    <UnitTest name="Index" storage="c:\projects\partitions\partition1\projects\apps\docarchive.tests\bin\debug\docarchive.tests.dll" id="2d3eff63-ec86-1a73-a020-4d25d4bafd88">
      <Execution id="fd271991-e384-4cbf-ac94-6b32f02993be" />
      <TestMethod codeBase="C:/projects/Partitions/partition1/projects/Apps/DocArchive.Tests/bin/Debug/DocArchive.Tests.DLL" adapterTypeName="Microsoft.VisualStudio.TestTools.TestTypes.Unit.UnitTestAdapter, Microsoft.VisualStudio.QualityTools.Tips.UnitTest.Adapter, Version=10.0.0.0, Culture=neutral, PublicKeyToken=b03f5f7f11d50a3a" className="DocArchive.Tests.Controllers.HomeControllerTest, DocArchive.Tests, Version=1.0.0.0, Culture=neutral, PublicKeyToken=null" name="Index" />
    </UnitTest>
    <UnitTest name="runTest" storage="c:\projects\partitions\partition1\projects\designpattern\console_dp.test\bin\debug\console_dp.test.dll" id="8e68ab94-015c-b9e0-8f79-915ae5d42380">
      <Execution id="31e6f921-8690-43e0-86da-30126a9661c1" />
      <TestMethod codeBase="C:/projects/Partitions/partition1/projects/DesignPattern/Console_DP.Test/bin/Debug/Console_DP.Test.DLL" adapterTypeName="Microsoft.VisualStudio.TestTools.TestTypes.Unit.UnitTestAdapter, Microsoft.VisualStudio.QualityTools.Tips.UnitTest.Adapter, Version=10.0.0.0, Culture=neutral, PublicKeyToken=b03f5f7f11d50a3a" className="Console_DP.Test.SampleTest, Console_DP.Test, Version=1.0.0.0, Culture=neutral, PublicKeyToken=null" name="runTest" />
    </UnitTest>
    <UnitTest name="TestMethod1" storage="c:\projects\partitions\partition1\projects\apps\wtopology.test\bin\debug\wtopology.test.dll" id="0f3f8658-c1e1-6230-3de6-d54efea1c02b">
      <Execution id="0bf7fbe4-926b-4d2c-89da-c73064fff8a1" />
      <TestMethod codeBase="C:/projects/Partitions/partition1/projects/Apps/WTopology.test/bin/Debug/WTopology.test.DLL" adapterTypeName="Microsoft.VisualStudio.TestTools.TestTypes.Unit.UnitTestAdapter, Microsoft.VisualStudio.QualityTools.Tips.UnitTest.Adapter, Version=10.0.0.0, Culture=neutral, PublicKeyToken=b03f5f7f11d50a3a" className="WTopology.test.UnitTest1, WTopology.test, Version=1.0.0.0, Culture=neutral, PublicKeyToken=null" name="TestMethod1" />
    </UnitTest>
  </TestDefinitions>
  <TestLists>
    <TestList name="Results Not in a List" id="8c84fa94-04c1-424b-9868-57a2d4851a1d" />
    <TestList name="All Loaded Results" id="19431567-8539-422a-85d7-44ee4e166bda" />
  </TestLists>
  <TestEntries>
    <TestEntry testId="0f3f8658-c1e1-6230-3de6-d54efea1c02b" executionId="0bf7fbe4-926b-4d2c-89da-c73064fff8a1" testListId="8c84fa94-04c1-424b-9868-57a2d4851a1d" />
    <TestEntry testId="27b2e000-6ad9-6af5-0c67-2b85b164a1fc" executionId="03d1225b-fd95-43c7-be71-6b01fd976045" testListId="8c84fa94-04c1-424b-9868-57a2d4851a1d" />
    <TestEntry testId="2d3eff63-ec86-1a73-a020-4d25d4bafd88" executionId="fd271991-e384-4cbf-ac94-6b32f02993be" testListId="8c84fa94-04c1-424b-9868-57a2d4851a1d" />
    <TestEntry testId="8e68ab94-015c-b9e0-8f79-915ae5d42380" executionId="31e6f921-8690-43e0-86da-30126a9661c1" testListId="8c84fa94-04c1-424b-9868-57a2d4851a1d" />
    <TestEntry testId="99f36976-bb12-faaa-403e-d83c7ed82fa9" executionId="774afa53-14fa-4218-841e-ba1ca3e09be0" testListId="8c84fa94-04c1-424b-9868-57a2d4851a1d" />
    <TestEntry testId="f3890812-d548-e92f-2be0-7c137463fd5d" executionId="1e30a169-8901-442d-be2a-cad5dbd944af" testListId="8c84fa94-04c1-424b-9868-57a2d4851a1d" />
  </TestEntries>
  <Results>
    <UnitTestResult executionId="0bf7fbe4-926b-4d2c-89da-c73064fff8a1" testId="0f3f8658-c1e1-6230-3de6-d54efea1c02b" testName="TestMethod1" computerName="SAEID-PC" duration="00:00:00.0511192" startTime="2012-12-09T21:28:58.0777187-08:00" endTime="2012-12-09T21:28:58.3452526-08:00" testType="13cdc9d9-ddb5-4fa4-a97d-d965ccfc6d4b" outcome="Failed" testListId="8c84fa94-04c1-424b-9868-57a2d4851a1d" relativeResultsDirectory="0bf7fbe4-926b-4d2c-89da-c73064fff8a1">
      <Output>
        <ErrorInfo>
          <Message>Test method WTopology.test.UnitTest1.TestMethod1 threw exception: 
System.NullReferenceException: Object reference not set to an instance of an object.</Message>
          <StackTrace>    at WTopology.Controllers.homeController.Index() in C:\projects\Partitions\partition1\projects\Apps\WTopology\Controllers\homeController.cs:line 24
   at WTopology.test.UnitTest1.TestMethod1() in C:\projects\Partitions\partition1\projects\Apps\WTopology.test\UnitTest1.cs:line 21
</StackTrace>
        </ErrorInfo>
      </Output>
    </UnitTestResult>
    <UnitTestResult executionId="03d1225b-fd95-43c7-be71-6b01fd976045" testId="27b2e000-6ad9-6af5-0c67-2b85b164a1fc" testName="FirstTest" computerName="SAEID-PC" duration="00:00:00.0171736" startTime="2012-12-09T21:28:58.3532537-08:00" endTime="2012-12-09T21:28:58.5847831-08:00" testType="13cdc9d9-ddb5-4fa4-a97d-d965ccfc6d4b" outcome="Passed" testListId="8c84fa94-04c1-424b-9868-57a2d4851a1d" relativeResultsDirectory="03d1225b-fd95-43c7-be71-6b01fd976045">
    </UnitTestResult>
    <UnitTestResult executionId="fd271991-e384-4cbf-ac94-6b32f02993be" testId="2d3eff63-ec86-1a73-a020-4d25d4bafd88" testName="Index" computerName="SAEID-PC" duration="00:00:00.0541107" startTime="2012-12-09T21:28:58.5937842-08:00" endTime="2012-12-09T21:28:58.8533172-08:00" testType="13cdc9d9-ddb5-4fa4-a97d-d965ccfc6d4b" outcome="Failed" testListId="8c84fa94-04c1-424b-9868-57a2d4851a1d" relativeResultsDirectory="fd271991-e384-4cbf-ac94-6b32f02993be">
      <Output>
        <ErrorInfo>
          <Message>Assert.AreEqual failed. Expected:&lt;Modify this template to jump-start your ASP.NET MVC application.&gt;. Actual:&lt;(null)&gt;. </Message>
          <StackTrace>   at CallSite.Target(Closure , CallSite , Type , String , Object )
   at System.Dynamic.UpdateDelegates.UpdateAndExecuteVoid3[T0,T1,T2](CallSite site, T0 arg0, T1 arg1, T2 arg2)
   at DocArchive.Tests.Controllers.HomeControllerTest.Index() in C:\projects\Partitions\partition1\projects\Apps\DocArchive.Tests\Controllers\HomeControllerTest.cs:line 25
</StackTrace>
        </ErrorInfo>
      </Output>
    </UnitTestResult>
    <UnitTestResult executionId="31e6f921-8690-43e0-86da-30126a9661c1" testId="8e68ab94-015c-b9e0-8f79-915ae5d42380" testName="runTest" computerName="SAEID-PC" duration="00:00:00.0053108" startTime="2012-12-09T21:28:58.8618182-08:00" endTime="2012-12-09T21:28:58.8693192-08:00" testType="13cdc9d9-ddb5-4fa4-a97d-d965ccfc6d4b" outcome="Inconclusive" testListId="8c84fa94-04c1-424b-9868-57a2d4851a1d" relativeResultsDirectory="31e6f921-8690-43e0-86da-30126a9661c1">
      <Output>
        <ErrorInfo>
          <Message>Assert.Inconclusive failed. A method that does not return a value cannot be verified.</Message>
          <StackTrace>   at Console_DP.Test.SampleTest.runTest() in C:\projects\Partitions\partition1\projects\DesignPattern\Console_DP.Test\SampleTest.cs:line 75
</StackTrace>
        </ErrorInfo>
      </Output>
    </UnitTestResult>
    <UnitTestResult executionId="774afa53-14fa-4218-841e-ba1ca3e09be0" testId="99f36976-bb12-faaa-403e-d83c7ed82fa9" testName="About" computerName="SAEID-PC" duration="00:00:00.0002056" startTime="2012-12-09T21:28:58.8788204-08:00" endTime="2012-12-09T21:28:58.8813207-08:00" testType="13cdc9d9-ddb5-4fa4-a97d-d965ccfc6d4b" outcome="Passed" testListId="8c84fa94-04c1-424b-9868-57a2d4851a1d" relativeResultsDirectory="774afa53-14fa-4218-841e-ba1ca3e09be0">
    </UnitTestResult>
    <UnitTestResult executionId="1e30a169-8901-442d-be2a-cad5dbd944af" testId="f3890812-d548-e92f-2be0-7c137463fd5d" testName="Contact" computerName="SAEID-PC" duration="00:00:00.0001311" startTime="2012-12-09T21:28:58.8908219-08:00" endTime="2012-12-09T21:28:58.8933222-08:00" testType="13cdc9d9-ddb5-4fa4-a97d-d965ccfc6d4b" outcome="Passed" testListId="8c84fa94-04c1-424b-9868-57a2d4851a1d" relativeResultsDirectory="1e30a169-8901-442d-be2a-cad5dbd944af">
    </UnitTestResult>
  </Results>
</TestRun>