<?xml version="1.0" encoding="UTF-8"?>
<TestRun id="12c4ba22-ac8a-4ee8-8d87-acacc47762b3" name="saeid@SAEID-PC 2012-12-23 15:09:10" runUser="saeid-PC\saeid" xmlns="http://microsoft.com/schemas/VisualStudio/TeamTest/2010">
  <TestSettings name="Default Test Settings" id="4b0ae914-c9e9-418d-8512-eac31929c47c">
    <Deployment runDeploymentRoot="saeid_SAEID-PC 2012-12-23 15_09_10">
      <DeploymentItem filename="C:\Program Files (x86)\Microsoft ASP.NET\ASP.NET Web Pages\v2.0\Assemblies\System.Web.Razor.dll" />
      <DeploymentItem filename="C:\Program Files (x86)\Microsoft ASP.NET\ASP.NET Web Pages\v2.0\Assemblies\System.Web.WebPages.Razor.dll" />
      <DeploymentItem filename="C:\projects\Partitions\partition1\packages\Microsoft.Web.Infrastructure.1.0.0.0\lib\net40\Microsoft.Web.Infrastructure.dll" />
      <DeploymentItem filename="C:\projects\Partitions\partition1\projects\Apps\cloudcodeclub.com\bin\MvcApplication1.dll" />
      <DeploymentItem filename="C:\projects\Partitions\partition1\packages\Microsoft.AspNet.WebPages.2.0.20710.0\lib\net40\System.Web.WebPages.Deployment.dll" />
      <DeploymentItem filename="C:\projects\Partitions\partition1\projects\FinalWork\Console_App\bin\Debug\Console.exe" />
      <DeploymentItem filename="C:\projects\Partitions\partition1\projects\Apps\DocArchive\bin\DocArchive.dll" />
      <DeploymentItem filename="C:\Program Files (x86)\Microsoft ASP.NET\ASP.NET MVC 4\Assemblies\System.Web.Mvc.dll" />
      <DeploymentItem filename="C:\Program Files (x86)\Microsoft ASP.NET\ASP.NET Web Pages\v2.0\Assemblies\System.Web.WebPages.dll" />
      <DeploymentItem filename="C:\Program Files (x86)\Microsoft ASP.NET\ASP.NET Web Pages\v2.0\Assemblies\Microsoft.Web.Infrastructure.dll" />
      <DeploymentItem filename="C:\Program Files (x86)\Microsoft ASP.NET\ASP.NET Web Pages\v2.0\Assemblies\System.Web.Helpers.dll" />
      <DeploymentItem filename="C:\projects\Partitions\partition1\packages\Newtonsoft.Json.4.5.6\lib\net40\Newtonsoft.Json.dll" />
      <DeploymentItem filename="C:\Program Files (x86)\Microsoft ASP.NET\ASP.NET Web Pages\v2.0\Assemblies\System.Web.WebPages.Deployment.dll" />
      <DeploymentItem filename="C:\projects\Partitions\partition1\packages\Microsoft.AspNet.WebPages.2.0.20710.0\lib\net40\System.Web.Helpers.dll" />
      <DeploymentItem filename="C:\projects\Partitions\partition1\packages\Microsoft.Net.Http.2.0.20710.0\lib\net40\System.Net.Http.dll" />
      <DeploymentItem filename="C:\projects\Partitions\partition1\packages\Microsoft.AspNet.WebPages.2.0.20710.0\lib\net40\System.Web.WebPages.dll" />
      <DeploymentItem filename="C:\projects\Partitions\partition1\packages\Microsoft.AspNet.WebApi.Core.4.0.20710.0\lib\net40\System.Web.Http.dll" />
      <DeploymentItem filename="C:\projects\Partitions\partition1\packages\Microsoft.Net.Http.2.0.20710.0\lib\net40\System.Net.Http.WebRequest.dll" />
      <DeploymentItem filename="C:\projects\Partitions\partition1\packages\Microsoft.AspNet.Razor.2.0.20710.0\lib\net40\System.Web.Razor.dll" />
      <DeploymentItem filename="C:\projects\Partitions\partition1\packages\Microsoft.AspNet.WebApi.WebHost.4.0.20710.0\lib\net40\System.Web.Http.WebHost.dll" />
      <DeploymentItem filename="C:\projects\Partitions\partition1\packages\Microsoft.AspNet.Mvc.4.0.20710.0\lib\net40\System.Web.Mvc.dll" />
      <DeploymentItem filename="C:\projects\Partitions\partition1\projects\Apps\WTopology\bin\WTopology.dll" />
      <DeploymentItem filename="C:\projects\Partitions\partition1\packages\Microsoft.AspNet.WebApi.Client.4.0.20710.0\lib\net40\System.Net.Http.Formatting.dll" />
      <DeploymentItem filename="C:\projects\Partitions\partition1\packages\Microsoft.AspNet.WebPages.2.0.20710.0\lib\net40\System.Web.WebPages.Razor.dll" />
    </Deployment>
    <Execution>
      <TestTypeSpecific />
      <AgentRule name="Execution Agents">
      </AgentRule>
    </Execution>
  </TestSettings>
  <Times creation="2012-12-23T15:09:10.1995664-08:00" queuing="2012-12-23T15:09:11.1846227-08:00" start="2012-12-23T15:09:11.1926232-08:00" finish="2012-12-23T15:09:12.4246936-08:00" />
  <ResultSummary outcome="Failed">
    <Counters total="6" executed="6" passed="3" error="0" failed="3" timeout="0" aborted="0" inconclusive="0" passedButRunAborted="0" notRunnable="0" notExecuted="0" disconnected="0" warning="0" completed="0" inProgress="0" pending="0" />
    <RunInfos>
      <RunInfo computerName="SAEID-PC" outcome="Warning" timestamp="2012-12-23T15:09:10.9446090-08:00">
        <Text>Warning: conflict during test run deployment: deployment item 'C:\Program Files (x86)\Microsoft ASP.NET\ASP.NET Web Pages\v2.0\Assemblies\Microsoft.Web.Infrastructure.dll' directly or indirectly referenced by C:\projects\Partitions\partition1\projects\Apps\cloudcodeclub.com.Test\bin\Debug\cloudcodeclub.com.Test.dll cannot be deployed to 'Microsoft.Web.Infrastructure.dll' because otherwise the file 'C:\Program Files (x86)\Microsoft ASP.NET\ASP.NET Web Pages\v2.0\Assemblies\Microsoft.Web.Infrastructure.dll' would overwrite deployment item 'C:\projects\Partitions\partition1\packages\Microsoft.Web.Infrastructure.1.0.0.0\lib\net40\Microsoft.Web.Infrastructure.dll' directly or indirectly referenced by C:\projects\Partitions\partition1\projects\Apps\DocArchive.Tests\bin\Debug\DocArchive.Tests.dll.</Text>
      </RunInfo>
      <RunInfo computerName="SAEID-PC" outcome="Warning" timestamp="2012-12-23T15:09:10.9716105-08:00">
        <Text>Warning: conflict during test run deployment: deployment item 'C:\Program Files (x86)\Microsoft ASP.NET\ASP.NET Web Pages\v2.0\Assemblies\System.Web.WebPages.Deployment.dll' directly or indirectly referenced by C:\projects\Partitions\partition1\projects\Apps\cloudcodeclub.com.Test\bin\Debug\cloudcodeclub.com.Test.dll cannot be deployed to 'System.Web.WebPages.Deployment.dll' because otherwise the file 'C:\Program Files (x86)\Microsoft ASP.NET\ASP.NET Web Pages\v2.0\Assemblies\System.Web.WebPages.Deployment.dll' would overwrite deployment item 'C:\projects\Partitions\partition1\packages\Microsoft.AspNet.WebPages.2.0.20710.0\lib\net40\System.Web.WebPages.Deployment.dll' directly or indirectly referenced by C:\projects\Partitions\partition1\projects\Apps\DocArchive.Tests\bin\Debug\DocArchive.Tests.dll.</Text>
      </RunInfo>
      <RunInfo computerName="SAEID-PC" outcome="Warning" timestamp="2012-12-23T15:09:10.9716105-08:00">
        <Text>Warning: conflict during test run deployment: deployment item 'C:\projects\Partitions\partition1\packages\Microsoft.AspNet.WebPages.2.0.20710.0\lib\net40\System.Web.Helpers.dll' directly or indirectly referenced by C:\projects\Partitions\partition1\projects\Apps\DocArchive.Tests\bin\Debug\DocArchive.Tests.dll cannot be deployed to 'System.Web.Helpers.dll' because otherwise the file 'C:\projects\Partitions\partition1\packages\Microsoft.AspNet.WebPages.2.0.20710.0\lib\net40\System.Web.Helpers.dll' would overwrite deployment item 'C:\Program Files (x86)\Microsoft ASP.NET\ASP.NET Web Pages\v2.0\Assemblies\System.Web.Helpers.dll' directly or indirectly referenced by C:\projects\Partitions\partition1\projects\Apps\cloudcodeclub.com.Test\bin\Debug\cloudcodeclub.com.Test.dll.</Text>
      </RunInfo>
      <RunInfo computerName="SAEID-PC" outcome="Warning" timestamp="2012-12-23T15:09:10.9886115-08:00">
        <Text>Warning: conflict during test run deployment: deployment item 'C:\projects\Partitions\partition1\packages\Microsoft.AspNet.WebPages.2.0.20710.0\lib\net40\System.Web.WebPages.dll' directly or indirectly referenced by C:\projects\Partitions\partition1\projects\Apps\DocArchive.Tests\bin\Debug\DocArchive.Tests.dll cannot be deployed to 'System.Web.WebPages.dll' because otherwise the file 'C:\projects\Partitions\partition1\packages\Microsoft.AspNet.WebPages.2.0.20710.0\lib\net40\System.Web.WebPages.dll' would overwrite deployment item 'C:\Program Files (x86)\Microsoft ASP.NET\ASP.NET Web Pages\v2.0\Assemblies\System.Web.WebPages.dll' directly or indirectly referenced by C:\projects\Partitions\partition1\projects\Apps\cloudcodeclub.com.Test\bin\Debug\cloudcodeclub.com.Test.dll.</Text>
      </RunInfo>
      <RunInfo computerName="SAEID-PC" outcome="Warning" timestamp="2012-12-23T15:09:11.0206133-08:00">
        <Text>Warning: conflict during test run deployment: deployment item 'C:\projects\Partitions\partition1\packages\Microsoft.AspNet.Razor.2.0.20710.0\lib\net40\System.Web.Razor.dll' directly or indirectly referenced by C:\projects\Partitions\partition1\projects\Apps\DocArchive.Tests\bin\Debug\DocArchive.Tests.dll cannot be deployed to 'System.Web.Razor.dll' because otherwise the file 'C:\projects\Partitions\partition1\packages\Microsoft.AspNet.Razor.2.0.20710.0\lib\net40\System.Web.Razor.dll' would overwrite deployment item 'C:\Program Files (x86)\Microsoft ASP.NET\ASP.NET Web Pages\v2.0\Assemblies\System.Web.Razor.dll' directly or indirectly referenced by C:\projects\Partitions\partition1\projects\Apps\cloudcodeclub.com.Test\bin\Debug\cloudcodeclub.com.Test.dll.</Text>
      </RunInfo>
      <RunInfo computerName="SAEID-PC" outcome="Warning" timestamp="2012-12-23T15:09:11.0486149-08:00">
        <Text>Warning: conflict during test run deployment: deployment item 'C:\projects\Partitions\partition1\packages\Microsoft.AspNet.Mvc.4.0.20710.0\lib\net40\System.Web.Mvc.dll' directly or indirectly referenced by C:\projects\Partitions\partition1\projects\Apps\DocArchive.Tests\bin\Debug\DocArchive.Tests.dll cannot be deployed to 'System.Web.Mvc.dll' because otherwise the file 'C:\projects\Partitions\partition1\packages\Microsoft.AspNet.Mvc.4.0.20710.0\lib\net40\System.Web.Mvc.dll' would overwrite deployment item 'C:\Program Files (x86)\Microsoft ASP.NET\ASP.NET MVC 4\Assemblies\System.Web.Mvc.dll' directly or indirectly referenced by C:\projects\Partitions\partition1\projects\Apps\cloudcodeclub.com.Test\bin\Debug\cloudcodeclub.com.Test.dll.</Text>
      </RunInfo>
      <RunInfo computerName="SAEID-PC" outcome="Warning" timestamp="2012-12-23T15:09:11.0906173-08:00">
        <Text>Warning: conflict during test run deployment: deployment item 'C:\projects\Partitions\partition1\packages\Microsoft.AspNet.WebPages.2.0.20710.0\lib\net40\System.Web.WebPages.Razor.dll' directly or indirectly referenced by C:\projects\Partitions\partition1\projects\Apps\DocArchive.Tests\bin\Debug\DocArchive.Tests.dll cannot be deployed to 'System.Web.WebPages.Razor.dll' because otherwise the file 'C:\projects\Partitions\partition1\packages\Microsoft.AspNet.WebPages.2.0.20710.0\lib\net40\System.Web.WebPages.Razor.dll' would overwrite deployment item 'C:\Program Files (x86)\Microsoft ASP.NET\ASP.NET Web Pages\v2.0\Assemblies\System.Web.WebPages.Razor.dll' directly or indirectly referenced by C:\projects\Partitions\partition1\projects\Apps\cloudcodeclub.com.Test\bin\Debug\cloudcodeclub.com.Test.dll.</Text>
      </RunInfo>
      <RunInfo computerName="SAEID-PC" outcome="Warning" timestamp="2012-12-23T15:09:11.0916174-08:00">
        <Text>Warning: conflict during test run deployment: deployment item 'c:\projects\partitions\partition1\projects\apps\wtopology.test\bin\debug\System.Web.Http.dll' directly or indirectly referenced by the test container 'c:\projects\partitions\partition1\projects\apps\wtopology.test\bin\debug\wtopology.test.dll' cannot be deployed to 'System.Web.Http.dll' because otherwise the file 'c:\projects\partitions\partition1\projects\apps\wtopology.test\bin\debug\System.Web.Http.dll' would overwrite deployment item 'C:\projects\Partitions\partition1\packages\Microsoft.AspNet.WebApi.Core.4.0.20710.0\lib\net40\System.Web.Http.dll' directly or indirectly referenced by C:\projects\Partitions\partition1\projects\Apps\DocArchive.Tests\bin\Debug\DocArchive.Tests.dll.</Text>
      </RunInfo>
      <RunInfo computerName="SAEID-PC" outcome="Warning" timestamp="2012-12-23T15:09:11.0926174-08:00">
        <Text>Warning: conflict during test run deployment: deployment item 'c:\projects\partitions\partition1\projects\apps\wtopology.test\bin\debug\System.Net.Http.Formatting.dll' directly or indirectly referenced by the test container 'c:\projects\partitions\partition1\projects\apps\wtopology.test\bin\debug\wtopology.test.dll' cannot be deployed to 'System.Net.Http.Formatting.dll' because otherwise the file 'c:\projects\partitions\partition1\projects\apps\wtopology.test\bin\debug\System.Net.Http.Formatting.dll' would overwrite deployment item 'C:\projects\Partitions\partition1\packages\Microsoft.AspNet.WebApi.Client.4.0.20710.0\lib\net40\System.Net.Http.Formatting.dll' directly or indirectly referenced by C:\projects\Partitions\partition1\projects\Apps\DocArchive.Tests\bin\Debug\DocArchive.Tests.dll.</Text>
      </RunInfo>
      <RunInfo computerName="SAEID-PC" outcome="Warning" timestamp="2012-12-23T15:09:11.0936175-08:00">
        <Text>Warning: conflict during test run deployment: deployment item 'c:\projects\partitions\partition1\projects\apps\wtopology.test\bin\debug\System.Web.Http.WebHost.dll' directly or indirectly referenced by the test container 'c:\projects\partitions\partition1\projects\apps\wtopology.test\bin\debug\wtopology.test.dll' cannot be deployed to 'System.Web.Http.WebHost.dll' because otherwise the file 'c:\projects\partitions\partition1\projects\apps\wtopology.test\bin\debug\System.Web.Http.WebHost.dll' would overwrite deployment item 'C:\projects\Partitions\partition1\packages\Microsoft.AspNet.WebApi.WebHost.4.0.20710.0\lib\net40\System.Web.Http.WebHost.dll' directly or indirectly referenced by C:\projects\Partitions\partition1\projects\Apps\DocArchive.Tests\bin\Debug\DocArchive.Tests.dll.</Text>
      </RunInfo>
      <RunInfo computerName="SAEID-PC" outcome="Warning" timestamp="2012-12-23T15:09:11.1416203-08:00">
        <Text>Warning: conflict during test run deployment: deployment item 'c:\projects\partitions\partition1\projects\apps\cloudcodeclub.com.test\bin\debug\Newtonsoft.Json.dll' directly or indirectly referenced by the test container 'c:\projects\partitions\partition1\projects\apps\cloudcodeclub.com.test\bin\debug\cloudcodeclub.com.test.dll' cannot be deployed to 'Newtonsoft.Json.dll' because otherwise the file 'c:\projects\partitions\partition1\projects\apps\cloudcodeclub.com.test\bin\debug\Newtonsoft.Json.dll' would overwrite deployment item 'C:\projects\Partitions\partition1\packages\Newtonsoft.Json.4.5.6\lib\net40\Newtonsoft.Json.dll' directly or indirectly referenced by C:\projects\Partitions\partition1\projects\Apps\DocArchive.Tests\bin\Debug\DocArchive.Tests.dll.</Text>
      </RunInfo>
      <RunInfo computerName="SAEID-PC" outcome="Warning" timestamp="2012-12-23T15:09:11.1676217-08:00">
        <Text>Warning: conflict during test run deployment: deployment item 'c:\projects\partitions\partition1\projects\apps\cloudcodeclub.com.test\bin\debug\System.Web.Http.WebHost.dll' directly or indirectly referenced by the test container 'c:\projects\partitions\partition1\projects\apps\cloudcodeclub.com.test\bin\debug\cloudcodeclub.com.test.dll' cannot be deployed to 'System.Web.Http.WebHost.dll' because otherwise the file 'c:\projects\partitions\partition1\projects\apps\cloudcodeclub.com.test\bin\debug\System.Web.Http.WebHost.dll' would overwrite deployment item 'C:\projects\Partitions\partition1\packages\Microsoft.AspNet.WebApi.WebHost.4.0.20710.0\lib\net40\System.Web.Http.WebHost.dll' directly or indirectly referenced by C:\projects\Partitions\partition1\projects\Apps\DocArchive.Tests\bin\Debug\DocArchive.Tests.dll.</Text>
      </RunInfo>
      <RunInfo computerName="SAEID-PC" outcome="Warning" timestamp="2012-12-23T15:09:11.1686218-08:00">
        <Text>Warning: conflict during test run deployment: deployment item 'c:\projects\partitions\partition1\projects\apps\cloudcodeclub.com.test\bin\debug\System.Web.Http.dll' directly or indirectly referenced by the test container 'c:\projects\partitions\partition1\projects\apps\cloudcodeclub.com.test\bin\debug\cloudcodeclub.com.test.dll' cannot be deployed to 'System.Web.Http.dll' because otherwise the file 'c:\projects\partitions\partition1\projects\apps\cloudcodeclub.com.test\bin\debug\System.Web.Http.dll' would overwrite deployment item 'C:\projects\Partitions\partition1\packages\Microsoft.AspNet.WebApi.Core.4.0.20710.0\lib\net40\System.Web.Http.dll' directly or indirectly referenced by C:\projects\Partitions\partition1\projects\Apps\DocArchive.Tests\bin\Debug\DocArchive.Tests.dll.</Text>
      </RunInfo>
      <RunInfo computerName="SAEID-PC" outcome="Warning" timestamp="2012-12-23T15:09:11.1686218-08:00">
        <Text>Warning: conflict during test run deployment: deployment item 'c:\projects\partitions\partition1\projects\apps\cloudcodeclub.com.test\bin\debug\System.Net.Http.Formatting.dll' directly or indirectly referenced by the test container 'c:\projects\partitions\partition1\projects\apps\cloudcodeclub.com.test\bin\debug\cloudcodeclub.com.test.dll' cannot be deployed to 'System.Net.Http.Formatting.dll' because otherwise the file 'c:\projects\partitions\partition1\projects\apps\cloudcodeclub.com.test\bin\debug\System.Net.Http.Formatting.dll' would overwrite deployment item 'C:\projects\Partitions\partition1\packages\Microsoft.AspNet.WebApi.Client.4.0.20710.0\lib\net40\System.Net.Http.Formatting.dll' directly or indirectly referenced by C:\projects\Partitions\partition1\projects\Apps\DocArchive.Tests\bin\Debug\DocArchive.Tests.dll.</Text>
      </RunInfo>
      <RunInfo computerName="SAEID-PC" outcome="Warning" timestamp="2012-12-23T15:09:11.1846227-08:00">
        <Text>Warning: conflict during test run deployment: deployment item 'c:\projects\partitions\partition1\projects\apps\cloudcodeclub.com.test\bin\debug\System.Web.Optimization.dll' directly or indirectly referenced by the test container 'c:\projects\partitions\partition1\projects\apps\cloudcodeclub.com.test\bin\debug\cloudcodeclub.com.test.dll' cannot be deployed to 'System.Web.Optimization.dll' because otherwise the file 'c:\projects\partitions\partition1\projects\apps\cloudcodeclub.com.test\bin\debug\System.Web.Optimization.dll' would overwrite deployment item 'c:\projects\partitions\partition1\projects\apps\docarchive.tests\bin\debug\System.Web.Optimization.dll' directly or indirectly referenced by the test container 'c:\projects\partitions\partition1\projects\apps\docarchive.tests\bin\debug\docarchive.tests.dll'.</Text>
      </RunInfo>
    </RunInfos>
  </ResultSummary>
  <TestDefinitions>
    <UnitTest name="TestMethod1" storage="c:\projects\partitions\partition1\projects\apps\wtopology.test\bin\debug\wtopology.test.dll" id="0f3f8658-c1e1-6230-3de6-d54efea1c02b">
      <Execution id="3ac9cc84-603c-470a-a6b4-e9147c6fc097" />
      <TestMethod codeBase="C:/projects/Partitions/partition1/projects/Apps/WTopology.test/bin/Debug/WTopology.test.DLL" adapterTypeName="Microsoft.VisualStudio.TestTools.TestTypes.Unit.UnitTestAdapter, Microsoft.VisualStudio.QualityTools.Tips.UnitTest.Adapter, Version=10.0.0.0, Culture=neutral, PublicKeyToken=b03f5f7f11d50a3a" className="WTopology.test.UnitTest1, WTopology.test, Version=1.0.0.0, Culture=neutral, PublicKeyToken=null" name="TestMethod1" />
    </UnitTest>
    <UnitTest name="Contact" storage="c:\projects\partitions\partition1\projects\apps\docarchive.tests\bin\debug\docarchive.tests.dll" id="f3890812-d548-e92f-2be0-7c137463fd5d">
      <Execution id="a0ccffc1-d6d3-4c11-8b63-4c9c66630ccf" />
      <TestMethod codeBase="C:/projects/Partitions/partition1/projects/Apps/DocArchive.Tests/bin/Debug/DocArchive.Tests.DLL" adapterTypeName="Microsoft.VisualStudio.TestTools.TestTypes.Unit.UnitTestAdapter, Microsoft.VisualStudio.QualityTools.Tips.UnitTest.Adapter, Version=10.0.0.0, Culture=neutral, PublicKeyToken=b03f5f7f11d50a3a" className="DocArchive.Tests.Controllers.HomeControllerTest, DocArchive.Tests, Version=1.0.0.0, Culture=neutral, PublicKeyToken=null" name="Contact" />
    </UnitTest>
    <UnitTest name="startTest" storage="c:\projects\partitions\partition1\projects\apps\cloudcodeclub.com.test\bin\debug\cloudcodeclub.com.test.dll" id="987bc190-ecb9-22d8-617c-5e39c3ac289a">
      <Execution id="17cd1312-9e68-471b-93ac-fde1aa669a4b" />
      <TestMethod codeBase="C:/projects/Partitions/partition1/projects/Apps/cloudcodeclub.com.Test/bin/Debug/cloudcodeclub.com.Test.DLL" adapterTypeName="Microsoft.VisualStudio.TestTools.TestTypes.Unit.UnitTestAdapter, Microsoft.VisualStudio.QualityTools.Tips.UnitTest.Adapter, Version=10.0.0.0, Culture=neutral, PublicKeyToken=b03f5f7f11d50a3a" className="cloudcodeclub.com.Test.Solution3Test, cloudcodeclub.com.Test, Version=1.0.0.0, Culture=neutral, PublicKeyToken=null" name="startTest" />
    </UnitTest>
    <UnitTest name="About" storage="c:\projects\partitions\partition1\projects\apps\docarchive.tests\bin\debug\docarchive.tests.dll" id="99f36976-bb12-faaa-403e-d83c7ed82fa9">
      <Execution id="37d81765-3eab-458d-85c5-a1ce5f720d1c" />
      <TestMethod codeBase="C:/projects/Partitions/partition1/projects/Apps/DocArchive.Tests/bin/Debug/DocArchive.Tests.DLL" adapterTypeName="Microsoft.VisualStudio.TestTools.TestTypes.Unit.UnitTestAdapter, Microsoft.VisualStudio.QualityTools.Tips.UnitTest.Adapter, Version=10.0.0.0, Culture=neutral, PublicKeyToken=b03f5f7f11d50a3a" className="DocArchive.Tests.Controllers.HomeControllerTest, DocArchive.Tests, Version=1.0.0.0, Culture=neutral, PublicKeyToken=null" name="About" />
    </UnitTest>
    <UnitTest name="Index" storage="c:\projects\partitions\partition1\projects\apps\docarchive.tests\bin\debug\docarchive.tests.dll" id="2d3eff63-ec86-1a73-a020-4d25d4bafd88">
      <Execution id="270b6431-6324-4050-9008-7e8733ef61ef" />
      <TestMethod codeBase="C:/projects/Partitions/partition1/projects/Apps/DocArchive.Tests/bin/Debug/DocArchive.Tests.DLL" adapterTypeName="Microsoft.VisualStudio.TestTools.TestTypes.Unit.UnitTestAdapter, Microsoft.VisualStudio.QualityTools.Tips.UnitTest.Adapter, Version=10.0.0.0, Culture=neutral, PublicKeyToken=b03f5f7f11d50a3a" className="DocArchive.Tests.Controllers.HomeControllerTest, DocArchive.Tests, Version=1.0.0.0, Culture=neutral, PublicKeyToken=null" name="Index" />
    </UnitTest>
    <UnitTest name="TestMethod1" storage="c:\projects\partitions\partition1\projects\apps\cloudcodeclub.com.test\bin\debug\cloudcodeclub.com.test.dll" id="1aa21776-e3ee-ba2d-c5e2-9f04ede32626">
      <Execution id="8ae12f6a-68fb-421f-a437-cf66482aa9fc" />
      <TestMethod codeBase="C:/projects/Partitions/partition1/projects/Apps/cloudcodeclub.com.Test/bin/Debug/cloudcodeclub.com.Test.DLL" adapterTypeName="Microsoft.VisualStudio.TestTools.TestTypes.Unit.UnitTestAdapter, Microsoft.VisualStudio.QualityTools.Tips.UnitTest.Adapter, Version=10.0.0.0, Culture=neutral, PublicKeyToken=b03f5f7f11d50a3a" className="cloudcodeclub.com.Test.UnitTest1, cloudcodeclub.com.Test, Version=1.0.0.0, Culture=neutral, PublicKeyToken=null" name="TestMethod1" />
    </UnitTest>
  </TestDefinitions>
  <TestLists>
    <TestList name="Results Not in a List" id="8c84fa94-04c1-424b-9868-57a2d4851a1d" />
    <TestList name="All Loaded Results" id="19431567-8539-422a-85d7-44ee4e166bda" />
  </TestLists>
  <TestEntries>
    <TestEntry testId="0f3f8658-c1e1-6230-3de6-d54efea1c02b" executionId="3ac9cc84-603c-470a-a6b4-e9147c6fc097" testListId="8c84fa94-04c1-424b-9868-57a2d4851a1d" />
    <TestEntry testId="1aa21776-e3ee-ba2d-c5e2-9f04ede32626" executionId="8ae12f6a-68fb-421f-a437-cf66482aa9fc" testListId="8c84fa94-04c1-424b-9868-57a2d4851a1d" />
    <TestEntry testId="2d3eff63-ec86-1a73-a020-4d25d4bafd88" executionId="270b6431-6324-4050-9008-7e8733ef61ef" testListId="8c84fa94-04c1-424b-9868-57a2d4851a1d" />
    <TestEntry testId="987bc190-ecb9-22d8-617c-5e39c3ac289a" executionId="17cd1312-9e68-471b-93ac-fde1aa669a4b" testListId="8c84fa94-04c1-424b-9868-57a2d4851a1d" />
    <TestEntry testId="99f36976-bb12-faaa-403e-d83c7ed82fa9" executionId="37d81765-3eab-458d-85c5-a1ce5f720d1c" testListId="8c84fa94-04c1-424b-9868-57a2d4851a1d" />
    <TestEntry testId="f3890812-d548-e92f-2be0-7c137463fd5d" executionId="a0ccffc1-d6d3-4c11-8b63-4c9c66630ccf" testListId="8c84fa94-04c1-424b-9868-57a2d4851a1d" />
  </TestEntries>
  <Results>
    <UnitTestResult executionId="3ac9cc84-603c-470a-a6b4-e9147c6fc097" testId="0f3f8658-c1e1-6230-3de6-d54efea1c02b" testName="TestMethod1" computerName="SAEID-PC" duration="00:00:00.0990167" startTime="2012-12-23T15:09:11.2036238-08:00" endTime="2012-12-23T15:09:11.5646444-08:00" testType="13cdc9d9-ddb5-4fa4-a97d-d965ccfc6d4b" outcome="Failed" testListId="8c84fa94-04c1-424b-9868-57a2d4851a1d" relativeResultsDirectory="3ac9cc84-603c-470a-a6b4-e9147c6fc097">
      <Output>
        <ErrorInfo>
          <Message>Test method WTopology.test.UnitTest1.TestMethod1 threw exception: 
System.NullReferenceException: Object reference not set to an instance of an object.</Message>
          <StackTrace>    at WTopology.Classes.sqlServer.runSP(String spName, List`1 pars) in C:\projects\Partitions\partition1\projects\Apps\WTopology\Classes\sql.cs:line 22
   at WTopology.Controllers.homeController.createNew() in C:\projects\Partitions\partition1\projects\Apps\WTopology\Controllers\homeController.cs:line 93
   at WTopology.test.UnitTest1.TestMethod1() in C:\projects\Partitions\partition1\projects\Apps\WTopology.test\UnitTest1.cs:line 21
</StackTrace>
        </ErrorInfo>
      </Output>
    </UnitTestResult>
    <UnitTestResult executionId="8ae12f6a-68fb-421f-a437-cf66482aa9fc" testId="1aa21776-e3ee-ba2d-c5e2-9f04ede32626" testName="TestMethod1" computerName="SAEID-PC" duration="00:00:00.0728801" startTime="2012-12-23T15:09:11.5756451-08:00" endTime="2012-12-23T15:09:11.9026638-08:00" testType="13cdc9d9-ddb5-4fa4-a97d-d965ccfc6d4b" outcome="Passed" testListId="8c84fa94-04c1-424b-9868-57a2d4851a1d" relativeResultsDirectory="8ae12f6a-68fb-421f-a437-cf66482aa9fc">
    </UnitTestResult>
    <UnitTestResult executionId="270b6431-6324-4050-9008-7e8733ef61ef" testId="2d3eff63-ec86-1a73-a020-4d25d4bafd88" testName="Index" computerName="SAEID-PC" duration="00:00:00.0974866" startTime="2012-12-23T15:09:11.9126644-08:00" endTime="2012-12-23T15:09:12.2596842-08:00" testType="13cdc9d9-ddb5-4fa4-a97d-d965ccfc6d4b" outcome="Failed" testListId="8c84fa94-04c1-424b-9868-57a2d4851a1d" relativeResultsDirectory="270b6431-6324-4050-9008-7e8733ef61ef">
      <Output>
        <ErrorInfo>
          <Message>Assert.AreEqual failed. Expected:&lt;Modify this template to jump-start your ASP.NET MVC application.&gt;. Actual:&lt;(null)&gt;. </Message>
          <StackTrace>   at CallSite.Target(Closure , CallSite , Type , String , Object )
   at System.Dynamic.UpdateDelegates.UpdateAndExecuteVoid3[T0,T1,T2](CallSite site, T0 arg0, T1 arg1, T2 arg2)
   at DocArchive.Tests.Controllers.HomeControllerTest.Index() in C:\projects\Partitions\partition1\projects\Apps\DocArchive.Tests\Controllers\HomeControllerTest.cs:line 25
</StackTrace>
        </ErrorInfo>
      </Output>
    </UnitTestResult>
    <UnitTestResult executionId="17cd1312-9e68-471b-93ac-fde1aa669a4b" testId="987bc190-ecb9-22d8-617c-5e39c3ac289a" testName="startTest" computerName="SAEID-PC" duration="00:00:00.0765190" startTime="2012-12-23T15:09:12.2726849-08:00" endTime="2012-12-23T15:09:12.3516895-08:00" testType="13cdc9d9-ddb5-4fa4-a97d-d965ccfc6d4b" outcome="Failed" testListId="8c84fa94-04c1-424b-9868-57a2d4851a1d" relativeResultsDirectory="17cd1312-9e68-471b-93ac-fde1aa669a4b">
      <Output>
        <StdOut>square Perimeter : 40</StdOut>
        <ErrorInfo>
          <Message>Assert.AreEqual failed. Expected:&lt;10&gt;. Actual:&lt;40&gt;. </Message>
          <StackTrace>   at Console_App.Solution3.start() in C:\projects\Partitions\partition1\projects\FinalWork\Console_App\Program.cs:line 131
   at cloudcodeclub.com.Test.Solution3Test.startTest() in C:\projects\Partitions\partition1\projects\Apps\cloudcodeclub.com.Test\Solution3Test.cs:line 73
</StackTrace>
        </ErrorInfo>
      </Output>
    </UnitTestResult>
    <UnitTestResult executionId="37d81765-3eab-458d-85c5-a1ce5f720d1c" testId="99f36976-bb12-faaa-403e-d83c7ed82fa9" testName="About" computerName="SAEID-PC" duration="00:00:00.0001857" startTime="2012-12-23T15:09:12.3626901-08:00" endTime="2012-12-23T15:09:12.3646902-08:00" testType="13cdc9d9-ddb5-4fa4-a97d-d965ccfc6d4b" outcome="Passed" testListId="8c84fa94-04c1-424b-9868-57a2d4851a1d" relativeResultsDirectory="37d81765-3eab-458d-85c5-a1ce5f720d1c">
    </UnitTestResult>
    <UnitTestResult executionId="a0ccffc1-d6d3-4c11-8b63-4c9c66630ccf" testId="f3890812-d548-e92f-2be0-7c137463fd5d" testName="Contact" computerName="SAEID-PC" duration="00:00:00.0001374" startTime="2012-12-23T15:09:12.3746908-08:00" endTime="2012-12-23T15:09:12.3766909-08:00" testType="13cdc9d9-ddb5-4fa4-a97d-d965ccfc6d4b" outcome="Passed" testListId="8c84fa94-04c1-424b-9868-57a2d4851a1d" relativeResultsDirectory="a0ccffc1-d6d3-4c11-8b63-4c9c66630ccf">
    </UnitTestResult>
  </Results>
</TestRun>