<?xml version="1.0" encoding="UTF-8"?>
<TestRun id="c962dcb0-3827-4e7a-be10-b907dfa75d2a" name="saeid@SAEID-PC 2012-12-09 21:27:56" runUser="saeid-PC\saeid" xmlns="http://microsoft.com/schemas/VisualStudio/TeamTest/2010">
  <TestSettings name="Local" id="f25fb7e2-1cee-4ddf-bd6e-ad7c3fd8e824">
    <Description>These are default test settings for a local test run.</Description>
    <Deployment enabled="false" runDeploymentRoot="saeid_SAEID-PC 2012-12-09 21_27_56">
      <DeploymentItem filename="C:\projects\Partitions\partition1\packages\Microsoft.AspNet.WebApi.Client.4.0.20710.0\lib\net40\System.Net.Http.Formatting.dll" />
      <DeploymentItem filename="C:\projects\Partitions\partition1\packages\Microsoft.AspNet.Mvc.4.0.20710.0\lib\net40\System.Web.Mvc.dll" />
      <DeploymentItem filename="C:\projects\Partitions\partition1\projects\DesignPattern\Console_DP\bin\Debug\Console_DP.exe" />
      <DeploymentItem filename="C:\projects\Partitions\partition1\packages\Microsoft.Net.Http.2.0.20710.0\lib\net40\System.Net.Http.dll" />
      <DeploymentItem filename="C:\projects\Partitions\partition1\packages\Microsoft.AspNet.Razor.2.0.20710.0\lib\net40\System.Web.Razor.dll" />
      <DeploymentItem filename="C:\projects\Partitions\partition1\packages\Microsoft.Net.Http.2.0.20710.0\lib\net40\System.Net.Http.WebRequest.dll" />
      <DeploymentItem filename="C:\projects\Partitions\partition1\packages\Microsoft.AspNet.WebApi.WebHost.4.0.20710.0\lib\net40\System.Web.Http.WebHost.dll" />
      <DeploymentItem filename="C:\projects\Partitions\partition1\packages\Microsoft.AspNet.WebApi.Core.4.0.20710.0\lib\net40\System.Web.Http.dll" />
      <DeploymentItem filename="C:\projects\Partitions\partition1\projects\Apps\WTopology\bin\WTopology.dll" />
      <DeploymentItem filename="C:\projects\Partitions\partition1\packages\Microsoft.AspNet.WebPages.2.0.20710.0\lib\net40\System.Web.Helpers.dll" />
      <DeploymentItem filename="C:\projects\Partitions\partition1\packages\Microsoft.AspNet.WebPages.2.0.20710.0\lib\net40\System.Web.WebPages.Deployment.dll" />
      <DeploymentItem filename="C:\projects\Partitions\partition1\packages\Newtonsoft.Json.4.5.6\lib\net40\Newtonsoft.Json.dll" />
      <DeploymentItem filename="C:\projects\Partitions\partition1\packages\Microsoft.AspNet.WebPages.2.0.20710.0\lib\net40\System.Web.WebPages.Razor.dll" />
      <DeploymentItem filename="C:\projects\Partitions\partition1\packages\Microsoft.Web.Infrastructure.1.0.0.0\lib\net40\Microsoft.Web.Infrastructure.dll" />
      <DeploymentItem filename="C:\projects\Partitions\partition1\projects\Apps\DocArchive\bin\DocArchive.dll" />
      <DeploymentItem filename="C:\projects\Partitions\partition1\packages\Microsoft.AspNet.WebPages.2.0.20710.0\lib\net40\System.Web.WebPages.dll" />
    </Deployment>
    <Execution>
      <TestTypeSpecific />
      <AgentRule name="Execution Agents">
      </AgentRule>
    </Execution>
  </TestSettings>
  <Times creation="2012-12-09T21:27:56.6949241-08:00" queuing="2012-12-09T21:27:58.3616357-08:00" start="2012-12-09T21:27:58.4111420-08:00" finish="2012-12-09T21:27:59.6818033-08:00" />
  <ResultSummary outcome="Failed">
    <Counters total="6" executed="6" passed="3" error="0" failed="2" timeout="0" aborted="0" inconclusive="1" passedButRunAborted="0" notRunnable="0" notExecuted="0" disconnected="0" warning="0" completed="0" inProgress="0" pending="0" />
  </ResultSummary>
  <TestDefinitions>
    <UnitTest name="FirstTest" storage="c:\projects\partitions\partition1\projects\designpattern\console_dp.test\bin\debug\console_dp.test.dll" id="27b2e000-6ad9-6af5-0c67-2b85b164a1fc">
      <Execution id="0578d9e5-f263-4d4c-9e1f-6cc70c1e87a6" />
      <TestMethod codeBase="C:/projects/Partitions/partition1/projects/DesignPattern/Console_DP.Test/bin/Debug/Console_DP.Test.DLL" adapterTypeName="Microsoft.VisualStudio.TestTools.TestTypes.Unit.UnitTestAdapter, Microsoft.VisualStudio.QualityTools.Tips.UnitTest.Adapter, Version=10.0.0.0, Culture=neutral, PublicKeyToken=b03f5f7f11d50a3a" className="Console_DP.Test.UnitTest1, Console_DP.Test, Version=1.0.0.0, Culture=neutral, PublicKeyToken=null" name="FirstTest" />
    </UnitTest>
    <UnitTest name="Contact" storage="c:\projects\partitions\partition1\projects\apps\docarchive.tests\bin\debug\docarchive.tests.dll" id="f3890812-d548-e92f-2be0-7c137463fd5d">
      <Execution id="e442be38-c3aa-46e2-9959-d2cd72aaea93" />
      <TestMethod codeBase="C:/projects/Partitions/partition1/projects/Apps/DocArchive.Tests/bin/Debug/DocArchive.Tests.DLL" adapterTypeName="Microsoft.VisualStudio.TestTools.TestTypes.Unit.UnitTestAdapter, Microsoft.VisualStudio.QualityTools.Tips.UnitTest.Adapter, Version=10.0.0.0, Culture=neutral, PublicKeyToken=b03f5f7f11d50a3a" className="DocArchive.Tests.Controllers.HomeControllerTest, DocArchive.Tests, Version=1.0.0.0, Culture=neutral, PublicKeyToken=null" name="Contact" />
    </UnitTest>
    <UnitTest name="About" storage="c:\projects\partitions\partition1\projects\apps\docarchive.tests\bin\debug\docarchive.tests.dll" id="99f36976-bb12-faaa-403e-d83c7ed82fa9">
      <Execution id="febe1faa-37c7-480f-bc80-101d68c15578" />
      <TestMethod codeBase="C:/projects/Partitions/partition1/projects/Apps/DocArchive.Tests/bin/Debug/DocArchive.Tests.DLL" adapterTypeName="Microsoft.VisualStudio.TestTools.TestTypes.Unit.UnitTestAdapter, Microsoft.VisualStudio.QualityTools.Tips.UnitTest.Adapter, Version=10.0.0.0, Culture=neutral, PublicKeyToken=b03f5f7f11d50a3a" className="DocArchive.Tests.Controllers.HomeControllerTest, DocArchive.Tests, Version=1.0.0.0, Culture=neutral, PublicKeyToken=null" name="About" />
    </UnitTest>
    <UnitTest name="Index" storage="c:\projects\partitions\partition1\projects\apps\docarchive.tests\bin\debug\docarchive.tests.dll" id="2d3eff63-ec86-1a73-a020-4d25d4bafd88">
      <Execution id="f4d0784c-6cba-4f2a-b8bf-b8cc9cac44ab" />
      <TestMethod codeBase="C:/projects/Partitions/partition1/projects/Apps/DocArchive.Tests/bin/Debug/DocArchive.Tests.DLL" adapterTypeName="Microsoft.VisualStudio.TestTools.TestTypes.Unit.UnitTestAdapter, Microsoft.VisualStudio.QualityTools.Tips.UnitTest.Adapter, Version=10.0.0.0, Culture=neutral, PublicKeyToken=b03f5f7f11d50a3a" className="DocArchive.Tests.Controllers.HomeControllerTest, DocArchive.Tests, Version=1.0.0.0, Culture=neutral, PublicKeyToken=null" name="Index" />
    </UnitTest>
    <UnitTest name="runTest" storage="c:\projects\partitions\partition1\projects\designpattern\console_dp.test\bin\debug\console_dp.test.dll" id="8e68ab94-015c-b9e0-8f79-915ae5d42380">
      <Execution id="6ed2e4fd-ea6d-48d7-af58-20d37971d60b" />
      <TestMethod codeBase="C:/projects/Partitions/partition1/projects/DesignPattern/Console_DP.Test/bin/Debug/Console_DP.Test.DLL" adapterTypeName="Microsoft.VisualStudio.TestTools.TestTypes.Unit.UnitTestAdapter, Microsoft.VisualStudio.QualityTools.Tips.UnitTest.Adapter, Version=10.0.0.0, Culture=neutral, PublicKeyToken=b03f5f7f11d50a3a" className="Console_DP.Test.SampleTest, Console_DP.Test, Version=1.0.0.0, Culture=neutral, PublicKeyToken=null" name="runTest" />
    </UnitTest>
    <UnitTest name="TestMethod1" storage="c:\projects\partitions\partition1\projects\apps\wtopology.test\bin\debug\wtopology.test.dll" id="0f3f8658-c1e1-6230-3de6-d54efea1c02b">
      <Execution id="7626a5bd-c5bf-4297-b50a-ce74d9bf1e63" />
      <TestMethod codeBase="C:/projects/Partitions/partition1/projects/Apps/WTopology.test/bin/Debug/WTopology.test.DLL" adapterTypeName="Microsoft.VisualStudio.TestTools.TestTypes.Unit.UnitTestAdapter, Microsoft.VisualStudio.QualityTools.Tips.UnitTest.Adapter, Version=10.0.0.0, Culture=neutral, PublicKeyToken=b03f5f7f11d50a3a" className="WTopology.test.UnitTest1, WTopology.test, Version=1.0.0.0, Culture=neutral, PublicKeyToken=null" name="TestMethod1" />
    </UnitTest>
  </TestDefinitions>
  <TestLists>
    <TestList name="Results Not in a List" id="8c84fa94-04c1-424b-9868-57a2d4851a1d" />
    <TestList name="All Loaded Results" id="19431567-8539-422a-85d7-44ee4e166bda" />
  </TestLists>
  <TestEntries>
    <TestEntry testId="0f3f8658-c1e1-6230-3de6-d54efea1c02b" executionId="7626a5bd-c5bf-4297-b50a-ce74d9bf1e63" testListId="8c84fa94-04c1-424b-9868-57a2d4851a1d" />
    <TestEntry testId="27b2e000-6ad9-6af5-0c67-2b85b164a1fc" executionId="0578d9e5-f263-4d4c-9e1f-6cc70c1e87a6" testListId="8c84fa94-04c1-424b-9868-57a2d4851a1d" />
    <TestEntry testId="2d3eff63-ec86-1a73-a020-4d25d4bafd88" executionId="f4d0784c-6cba-4f2a-b8bf-b8cc9cac44ab" testListId="8c84fa94-04c1-424b-9868-57a2d4851a1d" />
    <TestEntry testId="8e68ab94-015c-b9e0-8f79-915ae5d42380" executionId="6ed2e4fd-ea6d-48d7-af58-20d37971d60b" testListId="8c84fa94-04c1-424b-9868-57a2d4851a1d" />
    <TestEntry testId="99f36976-bb12-faaa-403e-d83c7ed82fa9" executionId="febe1faa-37c7-480f-bc80-101d68c15578" testListId="8c84fa94-04c1-424b-9868-57a2d4851a1d" />
    <TestEntry testId="f3890812-d548-e92f-2be0-7c137463fd5d" executionId="e442be38-c3aa-46e2-9959-d2cd72aaea93" testListId="8c84fa94-04c1-424b-9868-57a2d4851a1d" />
  </TestEntries>
  <Results>
    <UnitTestResult executionId="7626a5bd-c5bf-4297-b50a-ce74d9bf1e63" testId="0f3f8658-c1e1-6230-3de6-d54efea1c02b" testName="TestMethod1" computerName="SAEID-PC" duration="00:00:00.0653476" startTime="2012-12-09T21:27:58.4751501-08:00" endTime="2012-12-09T21:27:58.9397091-08:00" testType="13cdc9d9-ddb5-4fa4-a97d-d965ccfc6d4b" outcome="Failed" testListId="8c84fa94-04c1-424b-9868-57a2d4851a1d" relativeResultsDirectory="7626a5bd-c5bf-4297-b50a-ce74d9bf1e63">
      <Output>
        <ErrorInfo>
          <Message>Test method WTopology.test.UnitTest1.TestMethod1 threw exception: 
System.NullReferenceException: Object reference not set to an instance of an object.</Message>
          <StackTrace>    at WTopology.Controllers.homeController.Index() in C:\projects\Partitions\partition1\projects\Apps\WTopology\Controllers\homeController.cs:line 24
   at WTopology.test.UnitTest1.TestMethod1() in C:\projects\Partitions\partition1\projects\Apps\WTopology.test\UnitTest1.cs:line 21
</StackTrace>
        </ErrorInfo>
      </Output>
    </UnitTestResult>
    <UnitTestResult executionId="0578d9e5-f263-4d4c-9e1f-6cc70c1e87a6" testId="27b2e000-6ad9-6af5-0c67-2b85b164a1fc" testName="FirstTest" computerName="SAEID-PC" duration="00:00:00.0685269" startTime="2012-12-09T21:27:58.9487102-08:00" endTime="2012-12-09T21:27:59.2402473-08:00" testType="13cdc9d9-ddb5-4fa4-a97d-d965ccfc6d4b" outcome="Passed" testListId="8c84fa94-04c1-424b-9868-57a2d4851a1d" relativeResultsDirectory="0578d9e5-f263-4d4c-9e1f-6cc70c1e87a6">
    </UnitTestResult>
    <UnitTestResult executionId="f4d0784c-6cba-4f2a-b8bf-b8cc9cac44ab" testId="2d3eff63-ec86-1a73-a020-4d25d4bafd88" testName="Index" computerName="SAEID-PC" duration="00:00:00.1225499" startTime="2012-12-09T21:27:59.2492484-08:00" endTime="2012-12-09T21:27:59.5797904-08:00" testType="13cdc9d9-ddb5-4fa4-a97d-d965ccfc6d4b" outcome="Failed" testListId="8c84fa94-04c1-424b-9868-57a2d4851a1d" relativeResultsDirectory="f4d0784c-6cba-4f2a-b8bf-b8cc9cac44ab">
      <Output>
        <ErrorInfo>
          <Message>Assert.AreEqual failed. Expected:&lt;Modify this template to jump-start your ASP.NET MVC application.&gt;. Actual:&lt;(null)&gt;. </Message>
          <StackTrace>   at CallSite.Target(Closure , CallSite , Type , String , Object )
   at System.Dynamic.UpdateDelegates.UpdateAndExecuteVoid3[T0,T1,T2](CallSite site, T0 arg0, T1 arg1, T2 arg2)
   at DocArchive.Tests.Controllers.HomeControllerTest.Index() in C:\projects\Partitions\partition1\projects\Apps\DocArchive.Tests\Controllers\HomeControllerTest.cs:line 25
</StackTrace>
        </ErrorInfo>
      </Output>
    </UnitTestResult>
    <UnitTestResult executionId="6ed2e4fd-ea6d-48d7-af58-20d37971d60b" testId="8e68ab94-015c-b9e0-8f79-915ae5d42380" testName="runTest" computerName="SAEID-PC" duration="00:00:00.0124088" startTime="2012-12-09T21:27:59.5912918-08:00" endTime="2012-12-09T21:27:59.6062937-08:00" testType="13cdc9d9-ddb5-4fa4-a97d-d965ccfc6d4b" outcome="Inconclusive" testListId="8c84fa94-04c1-424b-9868-57a2d4851a1d" relativeResultsDirectory="6ed2e4fd-ea6d-48d7-af58-20d37971d60b">
      <Output>
        <ErrorInfo>
          <Message>Assert.Inconclusive failed. A method that does not return a value cannot be verified.</Message>
          <StackTrace>   at Console_DP.Test.SampleTest.runTest() in C:\projects\Partitions\partition1\projects\DesignPattern\Console_DP.Test\SampleTest.cs:line 75
</StackTrace>
        </ErrorInfo>
      </Output>
    </UnitTestResult>
    <UnitTestResult executionId="febe1faa-37c7-480f-bc80-101d68c15578" testId="99f36976-bb12-faaa-403e-d83c7ed82fa9" testName="About" computerName="SAEID-PC" duration="00:00:00.0001768" startTime="2012-12-09T21:27:59.6152949-08:00" endTime="2012-12-09T21:27:59.6177952-08:00" testType="13cdc9d9-ddb5-4fa4-a97d-d965ccfc6d4b" outcome="Passed" testListId="8c84fa94-04c1-424b-9868-57a2d4851a1d" relativeResultsDirectory="febe1faa-37c7-480f-bc80-101d68c15578">
    </UnitTestResult>
    <UnitTestResult executionId="e442be38-c3aa-46e2-9959-d2cd72aaea93" testId="f3890812-d548-e92f-2be0-7c137463fd5d" testName="Contact" computerName="SAEID-PC" duration="00:00:00.0001264" startTime="2012-12-09T21:27:59.6257962-08:00" endTime="2012-12-09T21:27:59.6282965-08:00" testType="13cdc9d9-ddb5-4fa4-a97d-d965ccfc6d4b" outcome="Passed" testListId="8c84fa94-04c1-424b-9868-57a2d4851a1d" relativeResultsDirectory="e442be38-c3aa-46e2-9959-d2cd72aaea93">
    </UnitTestResult>
  </Results>
</TestRun>