<?xml version="1.0" encoding="UTF-8"?>
<TestRun id="7ab604ec-908a-43e3-be2e-fec2d6a4c920" name="saeid@SAEID-PC 2012-12-23 15:07:58" runUser="saeid-PC\saeid" xmlns="http://microsoft.com/schemas/VisualStudio/TeamTest/2010">
  <TestSettings name="Default Test Settings" id="6c66dc0c-1d8d-4856-8244-9d0acb83dc51">
    <Deployment runDeploymentRoot="saeid_SAEID-PC 2012-12-23 15_07_58">
      <DeploymentItem filename="C:\Program Files (x86)\Microsoft ASP.NET\ASP.NET Web Pages\v2.0\Assemblies\System.Web.Razor.dll" />
      <DeploymentItem filename="C:\Program Files (x86)\Microsoft ASP.NET\ASP.NET Web Pages\v2.0\Assemblies\System.Web.WebPages.Razor.dll" />
      <DeploymentItem filename="C:\projects\Partitions\partition1\packages\Microsoft.Web.Infrastructure.1.0.0.0\lib\net40\Microsoft.Web.Infrastructure.dll" />
      <DeploymentItem filename="C:\projects\Partitions\partition1\projects\Apps\cloudcodeclub.com\bin\MvcApplication1.dll" />
      <DeploymentItem filename="C:\projects\Partitions\partition1\packages\Microsoft.AspNet.WebPages.2.0.20710.0\lib\net40\System.Web.WebPages.Deployment.dll" />
      <DeploymentItem filename="C:\projects\Partitions\partition1\packages\Microsoft.AspNet.Razor.2.0.20710.0\lib\net40\System.Web.Razor.dll" />
      <DeploymentItem filename="C:\projects\Partitions\partition1\projects\Apps\DocArchive\bin\DocArchive.dll" />
      <DeploymentItem filename="C:\Program Files (x86)\Microsoft ASP.NET\ASP.NET MVC 4\Assemblies\System.Web.Mvc.dll" />
      <DeploymentItem filename="C:\Program Files (x86)\Microsoft ASP.NET\ASP.NET Web Pages\v2.0\Assemblies\System.Web.WebPages.dll" />
      <DeploymentItem filename="C:\Program Files (x86)\Microsoft ASP.NET\ASP.NET Web Pages\v2.0\Assemblies\Microsoft.Web.Infrastructure.dll" />
      <DeploymentItem filename="C:\Program Files (x86)\Microsoft ASP.NET\ASP.NET Web Pages\v2.0\Assemblies\System.Web.Helpers.dll" />
      <DeploymentItem filename="C:\projects\Partitions\partition1\packages\Newtonsoft.Json.4.5.6\lib\net40\Newtonsoft.Json.dll" />
      <DeploymentItem filename="C:\Program Files (x86)\Microsoft ASP.NET\ASP.NET Web Pages\v2.0\Assemblies\System.Web.WebPages.Deployment.dll" />
      <DeploymentItem filename="C:\projects\Partitions\partition1\packages\Microsoft.AspNet.WebPages.2.0.20710.0\lib\net40\System.Web.Helpers.dll" />
      <DeploymentItem filename="C:\projects\Partitions\partition1\packages\Microsoft.Net.Http.2.0.20710.0\lib\net40\System.Net.Http.dll" />
      <DeploymentItem filename="C:\projects\Partitions\partition1\packages\Microsoft.AspNet.WebPages.2.0.20710.0\lib\net40\System.Web.WebPages.dll" />
      <DeploymentItem filename="C:\projects\Partitions\partition1\packages\Microsoft.AspNet.WebApi.Core.4.0.20710.0\lib\net40\System.Web.Http.dll" />
      <DeploymentItem filename="C:\projects\Partitions\partition1\packages\Microsoft.Net.Http.2.0.20710.0\lib\net40\System.Net.Http.WebRequest.dll" />
      <DeploymentItem filename="C:\projects\Partitions\partition1\packages\Microsoft.AspNet.WebApi.WebHost.4.0.20710.0\lib\net40\System.Web.Http.WebHost.dll" />
      <DeploymentItem filename="C:\projects\Partitions\partition1\packages\Microsoft.AspNet.Mvc.4.0.20710.0\lib\net40\System.Web.Mvc.dll" />
      <DeploymentItem filename="C:\projects\Partitions\partition1\projects\Apps\WTopology\bin\WTopology.dll" />
      <DeploymentItem filename="C:\projects\Partitions\partition1\packages\Microsoft.AspNet.WebApi.Client.4.0.20710.0\lib\net40\System.Net.Http.Formatting.dll" />
      <DeploymentItem filename="C:\projects\Partitions\partition1\packages\Microsoft.AspNet.WebPages.2.0.20710.0\lib\net40\System.Web.WebPages.Razor.dll" />
    </Deployment>
    <Execution>
      <TestTypeSpecific />
      <AgentRule name="Execution Agents">
      </AgentRule>
    </Execution>
  </TestSettings>
  <Times creation="2012-12-23T15:07:58.3314557-08:00" queuing="2012-12-23T15:08:01.9496627-08:00" start="2012-12-23T15:08:02.0736698-08:00" finish="2012-12-23T15:08:03.6507600-08:00" />
  <ResultSummary outcome="Failed">
    <Counters total="5" executed="5" passed="3" error="0" failed="2" timeout="0" aborted="0" inconclusive="0" passedButRunAborted="0" notRunnable="0" notExecuted="0" disconnected="0" warning="0" completed="0" inProgress="0" pending="0" />
    <RunInfos>
      <RunInfo computerName="SAEID-PC" outcome="Warning" timestamp="2012-12-23T15:08:01.5796415-08:00">
        <Text>Warning: conflict during test run deployment: deployment item 'C:\projects\Partitions\partition1\packages\Microsoft.AspNet.Razor.2.0.20710.0\lib\net40\System.Web.Razor.dll' directly or indirectly referenced by C:\projects\Partitions\partition1\projects\Apps\DocArchive.Tests\bin\Debug\DocArchive.Tests.dll cannot be deployed to 'System.Web.Razor.dll' because otherwise the file 'C:\projects\Partitions\partition1\packages\Microsoft.AspNet.Razor.2.0.20710.0\lib\net40\System.Web.Razor.dll' would overwrite deployment item 'C:\Program Files (x86)\Microsoft ASP.NET\ASP.NET Web Pages\v2.0\Assemblies\System.Web.Razor.dll' directly or indirectly referenced by C:\projects\Partitions\partition1\projects\Apps\cloudcodeclub.com.Test\bin\Debug\cloudcodeclub.com.Test.dll.</Text>
      </RunInfo>
      <RunInfo computerName="SAEID-PC" outcome="Warning" timestamp="2012-12-23T15:08:01.6516457-08:00">
        <Text>Warning: conflict during test run deployment: deployment item 'C:\Program Files (x86)\Microsoft ASP.NET\ASP.NET Web Pages\v2.0\Assemblies\Microsoft.Web.Infrastructure.dll' directly or indirectly referenced by C:\projects\Partitions\partition1\projects\Apps\cloudcodeclub.com.Test\bin\Debug\cloudcodeclub.com.Test.dll cannot be deployed to 'Microsoft.Web.Infrastructure.dll' because otherwise the file 'C:\Program Files (x86)\Microsoft ASP.NET\ASP.NET Web Pages\v2.0\Assemblies\Microsoft.Web.Infrastructure.dll' would overwrite deployment item 'C:\projects\Partitions\partition1\packages\Microsoft.Web.Infrastructure.1.0.0.0\lib\net40\Microsoft.Web.Infrastructure.dll' directly or indirectly referenced by C:\projects\Partitions\partition1\projects\Apps\DocArchive.Tests\bin\Debug\DocArchive.Tests.dll.</Text>
      </RunInfo>
      <RunInfo computerName="SAEID-PC" outcome="Warning" timestamp="2012-12-23T15:08:01.7066488-08:00">
        <Text>Warning: conflict during test run deployment: deployment item 'C:\Program Files (x86)\Microsoft ASP.NET\ASP.NET Web Pages\v2.0\Assemblies\System.Web.WebPages.Deployment.dll' directly or indirectly referenced by C:\projects\Partitions\partition1\projects\Apps\cloudcodeclub.com.Test\bin\Debug\cloudcodeclub.com.Test.dll cannot be deployed to 'System.Web.WebPages.Deployment.dll' because otherwise the file 'C:\Program Files (x86)\Microsoft ASP.NET\ASP.NET Web Pages\v2.0\Assemblies\System.Web.WebPages.Deployment.dll' would overwrite deployment item 'C:\projects\Partitions\partition1\packages\Microsoft.AspNet.WebPages.2.0.20710.0\lib\net40\System.Web.WebPages.Deployment.dll' directly or indirectly referenced by C:\projects\Partitions\partition1\projects\Apps\DocArchive.Tests\bin\Debug\DocArchive.Tests.dll.</Text>
      </RunInfo>
      <RunInfo computerName="SAEID-PC" outcome="Warning" timestamp="2012-12-23T15:08:01.7076489-08:00">
        <Text>Warning: conflict during test run deployment: deployment item 'C:\projects\Partitions\partition1\packages\Microsoft.AspNet.WebPages.2.0.20710.0\lib\net40\System.Web.Helpers.dll' directly or indirectly referenced by C:\projects\Partitions\partition1\projects\Apps\DocArchive.Tests\bin\Debug\DocArchive.Tests.dll cannot be deployed to 'System.Web.Helpers.dll' because otherwise the file 'C:\projects\Partitions\partition1\packages\Microsoft.AspNet.WebPages.2.0.20710.0\lib\net40\System.Web.Helpers.dll' would overwrite deployment item 'C:\Program Files (x86)\Microsoft ASP.NET\ASP.NET Web Pages\v2.0\Assemblies\System.Web.Helpers.dll' directly or indirectly referenced by C:\projects\Partitions\partition1\projects\Apps\cloudcodeclub.com.Test\bin\Debug\cloudcodeclub.com.Test.dll.</Text>
      </RunInfo>
      <RunInfo computerName="SAEID-PC" outcome="Warning" timestamp="2012-12-23T15:08:01.7296501-08:00">
        <Text>Warning: conflict during test run deployment: deployment item 'C:\projects\Partitions\partition1\packages\Microsoft.AspNet.WebPages.2.0.20710.0\lib\net40\System.Web.WebPages.dll' directly or indirectly referenced by C:\projects\Partitions\partition1\projects\Apps\DocArchive.Tests\bin\Debug\DocArchive.Tests.dll cannot be deployed to 'System.Web.WebPages.dll' because otherwise the file 'C:\projects\Partitions\partition1\packages\Microsoft.AspNet.WebPages.2.0.20710.0\lib\net40\System.Web.WebPages.dll' would overwrite deployment item 'C:\Program Files (x86)\Microsoft ASP.NET\ASP.NET Web Pages\v2.0\Assemblies\System.Web.WebPages.dll' directly or indirectly referenced by C:\projects\Partitions\partition1\projects\Apps\cloudcodeclub.com.Test\bin\Debug\cloudcodeclub.com.Test.dll.</Text>
      </RunInfo>
      <RunInfo computerName="SAEID-PC" outcome="Warning" timestamp="2012-12-23T15:08:01.7956539-08:00">
        <Text>Warning: conflict during test run deployment: deployment item 'C:\projects\Partitions\partition1\packages\Microsoft.AspNet.Mvc.4.0.20710.0\lib\net40\System.Web.Mvc.dll' directly or indirectly referenced by C:\projects\Partitions\partition1\projects\Apps\DocArchive.Tests\bin\Debug\DocArchive.Tests.dll cannot be deployed to 'System.Web.Mvc.dll' because otherwise the file 'C:\projects\Partitions\partition1\packages\Microsoft.AspNet.Mvc.4.0.20710.0\lib\net40\System.Web.Mvc.dll' would overwrite deployment item 'C:\Program Files (x86)\Microsoft ASP.NET\ASP.NET MVC 4\Assemblies\System.Web.Mvc.dll' directly or indirectly referenced by C:\projects\Partitions\partition1\projects\Apps\cloudcodeclub.com.Test\bin\Debug\cloudcodeclub.com.Test.dll.</Text>
      </RunInfo>
      <RunInfo computerName="SAEID-PC" outcome="Warning" timestamp="2012-12-23T15:08:01.8436566-08:00">
        <Text>Warning: conflict during test run deployment: deployment item 'C:\projects\Partitions\partition1\packages\Microsoft.AspNet.WebPages.2.0.20710.0\lib\net40\System.Web.WebPages.Razor.dll' directly or indirectly referenced by C:\projects\Partitions\partition1\projects\Apps\DocArchive.Tests\bin\Debug\DocArchive.Tests.dll cannot be deployed to 'System.Web.WebPages.Razor.dll' because otherwise the file 'C:\projects\Partitions\partition1\packages\Microsoft.AspNet.WebPages.2.0.20710.0\lib\net40\System.Web.WebPages.Razor.dll' would overwrite deployment item 'C:\Program Files (x86)\Microsoft ASP.NET\ASP.NET Web Pages\v2.0\Assemblies\System.Web.WebPages.Razor.dll' directly or indirectly referenced by C:\projects\Partitions\partition1\projects\Apps\cloudcodeclub.com.Test\bin\Debug\cloudcodeclub.com.Test.dll.</Text>
      </RunInfo>
      <RunInfo computerName="SAEID-PC" outcome="Warning" timestamp="2012-12-23T15:08:01.8826589-08:00">
        <Text>Warning: conflict during test run deployment: deployment item 'c:\projects\partitions\partition1\projects\apps\wtopology.test\bin\debug\System.Web.Http.dll' directly or indirectly referenced by the test container 'c:\projects\partitions\partition1\projects\apps\wtopology.test\bin\debug\wtopology.test.dll' cannot be deployed to 'System.Web.Http.dll' because otherwise the file 'c:\projects\partitions\partition1\projects\apps\wtopology.test\bin\debug\System.Web.Http.dll' would overwrite deployment item 'C:\projects\Partitions\partition1\packages\Microsoft.AspNet.WebApi.Core.4.0.20710.0\lib\net40\System.Web.Http.dll' directly or indirectly referenced by C:\projects\Partitions\partition1\projects\Apps\DocArchive.Tests\bin\Debug\DocArchive.Tests.dll.</Text>
      </RunInfo>
      <RunInfo computerName="SAEID-PC" outcome="Warning" timestamp="2012-12-23T15:08:01.8836589-08:00">
        <Text>Warning: conflict during test run deployment: deployment item 'c:\projects\partitions\partition1\projects\apps\wtopology.test\bin\debug\System.Net.Http.Formatting.dll' directly or indirectly referenced by the test container 'c:\projects\partitions\partition1\projects\apps\wtopology.test\bin\debug\wtopology.test.dll' cannot be deployed to 'System.Net.Http.Formatting.dll' because otherwise the file 'c:\projects\partitions\partition1\projects\apps\wtopology.test\bin\debug\System.Net.Http.Formatting.dll' would overwrite deployment item 'C:\projects\Partitions\partition1\packages\Microsoft.AspNet.WebApi.Client.4.0.20710.0\lib\net40\System.Net.Http.Formatting.dll' directly or indirectly referenced by C:\projects\Partitions\partition1\projects\Apps\DocArchive.Tests\bin\Debug\DocArchive.Tests.dll.</Text>
      </RunInfo>
      <RunInfo computerName="SAEID-PC" outcome="Warning" timestamp="2012-12-23T15:08:01.8846590-08:00">
        <Text>Warning: conflict during test run deployment: deployment item 'c:\projects\partitions\partition1\projects\apps\wtopology.test\bin\debug\System.Web.Http.WebHost.dll' directly or indirectly referenced by the test container 'c:\projects\partitions\partition1\projects\apps\wtopology.test\bin\debug\wtopology.test.dll' cannot be deployed to 'System.Web.Http.WebHost.dll' because otherwise the file 'c:\projects\partitions\partition1\projects\apps\wtopology.test\bin\debug\System.Web.Http.WebHost.dll' would overwrite deployment item 'C:\projects\Partitions\partition1\packages\Microsoft.AspNet.WebApi.WebHost.4.0.20710.0\lib\net40\System.Web.Http.WebHost.dll' directly or indirectly referenced by C:\projects\Partitions\partition1\projects\Apps\DocArchive.Tests\bin\Debug\DocArchive.Tests.dll.</Text>
      </RunInfo>
      <RunInfo computerName="SAEID-PC" outcome="Warning" timestamp="2012-12-23T15:08:01.8856590-08:00">
        <Text>Warning: conflict during test run deployment: deployment item 'c:\projects\partitions\partition1\projects\apps\cloudcodeclub.com.test\bin\debug\Newtonsoft.Json.dll' directly or indirectly referenced by the test container 'c:\projects\partitions\partition1\projects\apps\cloudcodeclub.com.test\bin\debug\cloudcodeclub.com.test.dll' cannot be deployed to 'Newtonsoft.Json.dll' because otherwise the file 'c:\projects\partitions\partition1\projects\apps\cloudcodeclub.com.test\bin\debug\Newtonsoft.Json.dll' would overwrite deployment item 'C:\projects\Partitions\partition1\packages\Newtonsoft.Json.4.5.6\lib\net40\Newtonsoft.Json.dll' directly or indirectly referenced by C:\projects\Partitions\partition1\projects\Apps\DocArchive.Tests\bin\Debug\DocArchive.Tests.dll.</Text>
      </RunInfo>
      <RunInfo computerName="SAEID-PC" outcome="Warning" timestamp="2012-12-23T15:08:01.9196610-08:00">
        <Text>Warning: conflict during test run deployment: deployment item 'c:\projects\partitions\partition1\projects\apps\cloudcodeclub.com.test\bin\debug\System.Web.Http.WebHost.dll' directly or indirectly referenced by the test container 'c:\projects\partitions\partition1\projects\apps\cloudcodeclub.com.test\bin\debug\cloudcodeclub.com.test.dll' cannot be deployed to 'System.Web.Http.WebHost.dll' because otherwise the file 'c:\projects\partitions\partition1\projects\apps\cloudcodeclub.com.test\bin\debug\System.Web.Http.WebHost.dll' would overwrite deployment item 'C:\projects\Partitions\partition1\packages\Microsoft.AspNet.WebApi.WebHost.4.0.20710.0\lib\net40\System.Web.Http.WebHost.dll' directly or indirectly referenced by C:\projects\Partitions\partition1\projects\Apps\DocArchive.Tests\bin\Debug\DocArchive.Tests.dll.</Text>
      </RunInfo>
      <RunInfo computerName="SAEID-PC" outcome="Warning" timestamp="2012-12-23T15:08:01.9196610-08:00">
        <Text>Warning: conflict during test run deployment: deployment item 'c:\projects\partitions\partition1\projects\apps\cloudcodeclub.com.test\bin\debug\System.Web.Http.dll' directly or indirectly referenced by the test container 'c:\projects\partitions\partition1\projects\apps\cloudcodeclub.com.test\bin\debug\cloudcodeclub.com.test.dll' cannot be deployed to 'System.Web.Http.dll' because otherwise the file 'c:\projects\partitions\partition1\projects\apps\cloudcodeclub.com.test\bin\debug\System.Web.Http.dll' would overwrite deployment item 'C:\projects\Partitions\partition1\packages\Microsoft.AspNet.WebApi.Core.4.0.20710.0\lib\net40\System.Web.Http.dll' directly or indirectly referenced by C:\projects\Partitions\partition1\projects\Apps\DocArchive.Tests\bin\Debug\DocArchive.Tests.dll.</Text>
      </RunInfo>
      <RunInfo computerName="SAEID-PC" outcome="Warning" timestamp="2012-12-23T15:08:01.9206610-08:00">
        <Text>Warning: conflict during test run deployment: deployment item 'c:\projects\partitions\partition1\projects\apps\cloudcodeclub.com.test\bin\debug\System.Net.Http.Formatting.dll' directly or indirectly referenced by the test container 'c:\projects\partitions\partition1\projects\apps\cloudcodeclub.com.test\bin\debug\cloudcodeclub.com.test.dll' cannot be deployed to 'System.Net.Http.Formatting.dll' because otherwise the file 'c:\projects\partitions\partition1\projects\apps\cloudcodeclub.com.test\bin\debug\System.Net.Http.Formatting.dll' would overwrite deployment item 'C:\projects\Partitions\partition1\packages\Microsoft.AspNet.WebApi.Client.4.0.20710.0\lib\net40\System.Net.Http.Formatting.dll' directly or indirectly referenced by C:\projects\Partitions\partition1\projects\Apps\DocArchive.Tests\bin\Debug\DocArchive.Tests.dll.</Text>
      </RunInfo>
      <RunInfo computerName="SAEID-PC" outcome="Warning" timestamp="2012-12-23T15:08:01.9416622-08:00">
        <Text>Warning: conflict during test run deployment: deployment item 'c:\projects\partitions\partition1\projects\apps\cloudcodeclub.com.test\bin\debug\System.Web.Optimization.dll' directly or indirectly referenced by the test container 'c:\projects\partitions\partition1\projects\apps\cloudcodeclub.com.test\bin\debug\cloudcodeclub.com.test.dll' cannot be deployed to 'System.Web.Optimization.dll' because otherwise the file 'c:\projects\partitions\partition1\projects\apps\cloudcodeclub.com.test\bin\debug\System.Web.Optimization.dll' would overwrite deployment item 'c:\projects\partitions\partition1\projects\apps\docarchive.tests\bin\debug\System.Web.Optimization.dll' directly or indirectly referenced by the test container 'c:\projects\partitions\partition1\projects\apps\docarchive.tests\bin\debug\docarchive.tests.dll'.</Text>
      </RunInfo>
    </RunInfos>
  </ResultSummary>
  <TestDefinitions>
    <UnitTest name="Index" storage="c:\projects\partitions\partition1\projects\apps\docarchive.tests\bin\debug\docarchive.tests.dll" id="2d3eff63-ec86-1a73-a020-4d25d4bafd88">
      <Execution id="fed95e56-fa7d-43f8-99fb-2d64e816fe15" />
      <TestMethod codeBase="C:/projects/Partitions/partition1/projects/Apps/DocArchive.Tests/bin/Debug/DocArchive.Tests.DLL" adapterTypeName="Microsoft.VisualStudio.TestTools.TestTypes.Unit.UnitTestAdapter, Microsoft.VisualStudio.QualityTools.Tips.UnitTest.Adapter, Version=10.0.0.0, Culture=neutral, PublicKeyToken=b03f5f7f11d50a3a" className="DocArchive.Tests.Controllers.HomeControllerTest, DocArchive.Tests, Version=1.0.0.0, Culture=neutral, PublicKeyToken=null" name="Index" />
    </UnitTest>
    <UnitTest name="About" storage="c:\projects\partitions\partition1\projects\apps\docarchive.tests\bin\debug\docarchive.tests.dll" id="99f36976-bb12-faaa-403e-d83c7ed82fa9">
      <Execution id="e2c2e1f1-adff-45ba-a9ab-067ec1209b25" />
      <TestMethod codeBase="C:/projects/Partitions/partition1/projects/Apps/DocArchive.Tests/bin/Debug/DocArchive.Tests.DLL" adapterTypeName="Microsoft.VisualStudio.TestTools.TestTypes.Unit.UnitTestAdapter, Microsoft.VisualStudio.QualityTools.Tips.UnitTest.Adapter, Version=10.0.0.0, Culture=neutral, PublicKeyToken=b03f5f7f11d50a3a" className="DocArchive.Tests.Controllers.HomeControllerTest, DocArchive.Tests, Version=1.0.0.0, Culture=neutral, PublicKeyToken=null" name="About" />
    </UnitTest>
    <UnitTest name="Contact" storage="c:\projects\partitions\partition1\projects\apps\docarchive.tests\bin\debug\docarchive.tests.dll" id="f3890812-d548-e92f-2be0-7c137463fd5d">
      <Execution id="16d70643-4a0a-485a-b3a6-4e252a6eadb1" />
      <TestMethod codeBase="C:/projects/Partitions/partition1/projects/Apps/DocArchive.Tests/bin/Debug/DocArchive.Tests.DLL" adapterTypeName="Microsoft.VisualStudio.TestTools.TestTypes.Unit.UnitTestAdapter, Microsoft.VisualStudio.QualityTools.Tips.UnitTest.Adapter, Version=10.0.0.0, Culture=neutral, PublicKeyToken=b03f5f7f11d50a3a" className="DocArchive.Tests.Controllers.HomeControllerTest, DocArchive.Tests, Version=1.0.0.0, Culture=neutral, PublicKeyToken=null" name="Contact" />
    </UnitTest>
    <UnitTest name="TestMethod1" storage="c:\projects\partitions\partition1\projects\apps\wtopology.test\bin\debug\wtopology.test.dll" id="0f3f8658-c1e1-6230-3de6-d54efea1c02b">
      <Execution id="5dbb89da-f462-4270-b162-fc594bed6902" />
      <TestMethod codeBase="C:/projects/Partitions/partition1/projects/Apps/WTopology.test/bin/Debug/WTopology.test.DLL" adapterTypeName="Microsoft.VisualStudio.TestTools.TestTypes.Unit.UnitTestAdapter, Microsoft.VisualStudio.QualityTools.Tips.UnitTest.Adapter, Version=10.0.0.0, Culture=neutral, PublicKeyToken=b03f5f7f11d50a3a" className="WTopology.test.UnitTest1, WTopology.test, Version=1.0.0.0, Culture=neutral, PublicKeyToken=null" name="TestMethod1" />
    </UnitTest>
    <UnitTest name="TestMethod1" storage="c:\projects\partitions\partition1\projects\apps\cloudcodeclub.com.test\bin\debug\cloudcodeclub.com.test.dll" id="1aa21776-e3ee-ba2d-c5e2-9f04ede32626">
      <Execution id="3127d638-5086-44fe-a75c-5c6dcdd64fab" />
      <TestMethod codeBase="C:/projects/Partitions/partition1/projects/Apps/cloudcodeclub.com.Test/bin/Debug/cloudcodeclub.com.Test.DLL" adapterTypeName="Microsoft.VisualStudio.TestTools.TestTypes.Unit.UnitTestAdapter, Microsoft.VisualStudio.QualityTools.Tips.UnitTest.Adapter, Version=10.0.0.0, Culture=neutral, PublicKeyToken=b03f5f7f11d50a3a" className="cloudcodeclub.com.Test.UnitTest1, cloudcodeclub.com.Test, Version=1.0.0.0, Culture=neutral, PublicKeyToken=null" name="TestMethod1" />
    </UnitTest>
  </TestDefinitions>
  <TestLists>
    <TestList name="Results Not in a List" id="8c84fa94-04c1-424b-9868-57a2d4851a1d" />
    <TestList name="All Loaded Results" id="19431567-8539-422a-85d7-44ee4e166bda" />
  </TestLists>
  <TestEntries>
    <TestEntry testId="0f3f8658-c1e1-6230-3de6-d54efea1c02b" executionId="5dbb89da-f462-4270-b162-fc594bed6902" testListId="8c84fa94-04c1-424b-9868-57a2d4851a1d" />
    <TestEntry testId="1aa21776-e3ee-ba2d-c5e2-9f04ede32626" executionId="3127d638-5086-44fe-a75c-5c6dcdd64fab" testListId="8c84fa94-04c1-424b-9868-57a2d4851a1d" />
    <TestEntry testId="2d3eff63-ec86-1a73-a020-4d25d4bafd88" executionId="fed95e56-fa7d-43f8-99fb-2d64e816fe15" testListId="8c84fa94-04c1-424b-9868-57a2d4851a1d" />
    <TestEntry testId="99f36976-bb12-faaa-403e-d83c7ed82fa9" executionId="e2c2e1f1-adff-45ba-a9ab-067ec1209b25" testListId="8c84fa94-04c1-424b-9868-57a2d4851a1d" />
    <TestEntry testId="f3890812-d548-e92f-2be0-7c137463fd5d" executionId="16d70643-4a0a-485a-b3a6-4e252a6eadb1" testListId="8c84fa94-04c1-424b-9868-57a2d4851a1d" />
  </TestEntries>
  <Results>
    <UnitTestResult executionId="5dbb89da-f462-4270-b162-fc594bed6902" testId="0f3f8658-c1e1-6230-3de6-d54efea1c02b" testName="TestMethod1" computerName="SAEID-PC" duration="00:00:00.1399201" startTime="2012-12-23T15:08:02.1826760-08:00" endTime="2012-12-23T15:08:02.7997113-08:00" testType="13cdc9d9-ddb5-4fa4-a97d-d965ccfc6d4b" outcome="Failed" testListId="8c84fa94-04c1-424b-9868-57a2d4851a1d" relativeResultsDirectory="5dbb89da-f462-4270-b162-fc594bed6902">
      <Output>
        <ErrorInfo>
          <Message>Test method WTopology.test.UnitTest1.TestMethod1 threw exception: 
System.NullReferenceException: Object reference not set to an instance of an object.</Message>
          <StackTrace>    at WTopology.Classes.sqlServer.runSP(String spName, List`1 pars) in C:\projects\Partitions\partition1\projects\Apps\WTopology\Classes\sql.cs:line 22
   at WTopology.Controllers.homeController.createNew() in C:\projects\Partitions\partition1\projects\Apps\WTopology\Controllers\homeController.cs:line 93
   at WTopology.test.UnitTest1.TestMethod1() in C:\projects\Partitions\partition1\projects\Apps\WTopology.test\UnitTest1.cs:line 21
</StackTrace>
        </ErrorInfo>
      </Output>
    </UnitTestResult>
    <UnitTestResult executionId="3127d638-5086-44fe-a75c-5c6dcdd64fab" testId="1aa21776-e3ee-ba2d-c5e2-9f04ede32626" testName="TestMethod1" computerName="SAEID-PC" duration="00:00:00.0782065" startTime="2012-12-23T15:08:02.8127121-08:00" endTime="2012-12-23T15:08:03.1507314-08:00" testType="13cdc9d9-ddb5-4fa4-a97d-d965ccfc6d4b" outcome="Passed" testListId="8c84fa94-04c1-424b-9868-57a2d4851a1d" relativeResultsDirectory="3127d638-5086-44fe-a75c-5c6dcdd64fab">
    </UnitTestResult>
    <UnitTestResult executionId="fed95e56-fa7d-43f8-99fb-2d64e816fe15" testId="2d3eff63-ec86-1a73-a020-4d25d4bafd88" testName="Index" computerName="SAEID-PC" duration="00:00:00.1254544" startTime="2012-12-23T15:08:03.1617320-08:00" endTime="2012-12-23T15:08:03.5347534-08:00" testType="13cdc9d9-ddb5-4fa4-a97d-d965ccfc6d4b" outcome="Failed" testListId="8c84fa94-04c1-424b-9868-57a2d4851a1d" relativeResultsDirectory="fed95e56-fa7d-43f8-99fb-2d64e816fe15">
      <Output>
        <ErrorInfo>
          <Message>Assert.AreEqual failed. Expected:&lt;Modify this template to jump-start your ASP.NET MVC application.&gt;. Actual:&lt;(null)&gt;. </Message>
          <StackTrace>   at CallSite.Target(Closure , CallSite , Type , String , Object )
   at System.Dynamic.UpdateDelegates.UpdateAndExecuteVoid3[T0,T1,T2](CallSite site, T0 arg0, T1 arg1, T2 arg2)
   at DocArchive.Tests.Controllers.HomeControllerTest.Index() in C:\projects\Partitions\partition1\projects\Apps\DocArchive.Tests\Controllers\HomeControllerTest.cs:line 25
</StackTrace>
        </ErrorInfo>
      </Output>
    </UnitTestResult>
    <UnitTestResult executionId="e2c2e1f1-adff-45ba-a9ab-067ec1209b25" testId="99f36976-bb12-faaa-403e-d83c7ed82fa9" testName="About" computerName="SAEID-PC" duration="00:00:00.0001947" startTime="2012-12-23T15:08:03.5447539-08:00" endTime="2012-12-23T15:08:03.5477541-08:00" testType="13cdc9d9-ddb5-4fa4-a97d-d965ccfc6d4b" outcome="Passed" testListId="8c84fa94-04c1-424b-9868-57a2d4851a1d" relativeResultsDirectory="e2c2e1f1-adff-45ba-a9ab-067ec1209b25">
    </UnitTestResult>
    <UnitTestResult executionId="16d70643-4a0a-485a-b3a6-4e252a6eadb1" testId="f3890812-d548-e92f-2be0-7c137463fd5d" testName="Contact" computerName="SAEID-PC" duration="00:00:00.0001500" startTime="2012-12-23T15:08:03.5577547-08:00" endTime="2012-12-23T15:08:03.5597548-08:00" testType="13cdc9d9-ddb5-4fa4-a97d-d965ccfc6d4b" outcome="Passed" testListId="8c84fa94-04c1-424b-9868-57a2d4851a1d" relativeResultsDirectory="16d70643-4a0a-485a-b3a6-4e252a6eadb1">
    </UnitTestResult>
  </Results>
</TestRun>